<?xml version="1.0" encoding="UTF-8"?>
<coverage generated="1679497909986" clover="3.2.0">
  <project timestamp="1679497909986" name="All files">
    <metrics statements="288" coveredstatements="285" conditionals="126" coveredconditionals="116" methods="146" coveredmethods="146" elements="560" coveredelements="547" complexity="0" loc="288" ncloc="288" packages="5" files="22" classes="22"/>
    <package name="src">
      <metrics statements="199" coveredstatements="196" conditionals="88" coveredconditionals="85" methods="92" coveredmethods="92"/>
      <file name="App.tsx" path="/Users/jessicamanchak/tasks/src/App.tsx">
        <metrics statements="1" coveredstatements="1" conditionals="0" coveredconditionals="0" methods="1" coveredmethods="1"/>
        <line num="20" count="1" type="stmt"/>
      </file>
      <file name="arrays.ts" path="/Users/jessicamanchak/tasks/src/arrays.ts">
        <metrics statements="58" coveredstatements="57" conditionals="26" coveredconditionals="25" methods="24" coveredmethods="24"/>
        <line num="8" count="6" type="stmt"/>
        <line num="9" count="6" type="cond" truecount="1" falsecount="1"/>
        <line num="10" count="0" type="stmt"/>
        <line num="12" count="6" type="cond" truecount="2" falsecount="0"/>
        <line num="13" count="1" type="stmt"/>
        <line num="15" count="6" type="cond" truecount="2" falsecount="0"/>
        <line num="16" count="5" type="stmt"/>
        <line num="17" count="5" type="stmt"/>
        <line num="18" count="5" type="stmt"/>
        <line num="21" count="6" type="stmt"/>
        <line num="29" count="17" type="stmt"/>
        <line num="30" count="6" type="stmt"/>
        <line num="38" count="7" type="stmt"/>
        <line num="39" count="18" type="cond" truecount="2" falsecount="0"/>
        <line num="42" count="7" type="stmt"/>
        <line num="52" count="1" type="stmt"/>
        <line num="53" count="8" type="stmt"/>
        <line num="54" count="22" type="cond" truecount="2" falsecount="0"/>
        <line num="59" count="8" type="stmt"/>
        <line num="60" count="22" type="cond" truecount="2" falsecount="0"/>
        <line num="63" count="8" type="stmt"/>
        <line num="71" count="1" type="stmt"/>
        <line num="72" count="6" type="stmt"/>
        <line num="74" count="20" type="stmt"/>
        <line num="77" count="6" type="stmt"/>
        <line num="78" count="15" type="cond" truecount="2" falsecount="0"/>
        <line num="81" count="6" type="stmt"/>
        <line num="89" count="6" type="stmt"/>
        <line num="90" count="22" type="stmt"/>
        <line num="93" count="12" type="stmt"/>
        <line num="95" count="6" type="stmt"/>
        <line num="104" count="9" type="stmt"/>
        <line num="105" count="21" type="cond" truecount="6" falsecount="0"/>
        <line num="110" count="9" type="stmt"/>
        <line num="111" count="19" type="stmt"/>
        <line num="114" count="9" type="stmt"/>
        <line num="125" count="5" type="stmt"/>
        <line num="126" count="12" type="stmt"/>
        <line num="130" count="5" type="stmt"/>
        <line num="131" count="12" type="stmt"/>
        <line num="135" count="5" type="cond" truecount="2" falsecount="0"/>
        <line num="136" count="1" type="stmt"/>
        <line num="138" count="4" type="stmt"/>
        <line num="139" count="4" type="stmt"/>
        <line num="153" count="7" type="stmt"/>
        <line num="155" count="17" type="stmt"/>
        <line num="157" count="7" type="cond" truecount="2" falsecount="0"/>
        <line num="158" count="5" type="stmt"/>
        <line num="159" count="12" type="stmt"/>
        <line num="163" count="5" type="stmt"/>
        <line num="164" count="5" type="stmt"/>
        <line num="165" count="2" type="cond" truecount="2" falsecount="0"/>
        <line num="166" count="1" type="stmt"/>
        <line num="167" count="1" type="stmt"/>
        <line num="169" count="1" type="stmt"/>
        <line num="170" count="6" type="stmt"/>
        <line num="173" count="1" type="stmt"/>
        <line num="174" count="1" type="stmt"/>
      </file>
      <file name="functions.ts" path="/Users/jessicamanchak/tasks/src/functions.ts">
        <metrics statements="17" coveredstatements="17" conditionals="16" coveredconditionals="16" methods="5" coveredmethods="5"/>
        <line num="7" count="7" type="stmt"/>
        <line num="16" count="6" type="stmt"/>
        <line num="17" count="6" type="cond" truecount="2" falsecount="0"/>
        <line num="18" count="4" type="stmt"/>
        <line num="20" count="6" type="cond" truecount="2" falsecount="0"/>
        <line num="21" count="3" type="stmt"/>
        <line num="23" count="6" type="cond" truecount="2" falsecount="0"/>
        <line num="24" count="4" type="stmt"/>
        <line num="26" count="6" type="stmt"/>
        <line num="34" count="6" type="stmt"/>
        <line num="42" count="7" type="stmt"/>
        <line num="43" count="7" type="cond" truecount="2" falsecount="0"/>
        <line num="52" count="9" type="cond" truecount="4" falsecount="0"/>
        <line num="53" count="2" type="stmt"/>
        <line num="54" count="7" type="cond" truecount="4" falsecount="0"/>
        <line num="55" count="2" type="stmt"/>
        <line num="57" count="5" type="stmt"/>
      </file>
      <file name="nested.ts" path="/Users/jessicamanchak/tasks/src/nested.ts">
        <metrics statements="96" coveredstatements="96" conditionals="29" coveredconditionals="29" methods="50" coveredmethods="50"/>
        <line num="9" count="5" type="stmt"/>
        <line num="10" count="20" type="stmt"/>
        <line num="12" count="5" type="stmt"/>
        <line num="13" count="20" type="stmt"/>
        <line num="15" count="5" type="stmt"/>
        <line num="24" count="5" type="stmt"/>
        <line num="25" count="20" type="stmt"/>
        <line num="31" count="5" type="stmt"/>
        <line num="33" count="20" type="cond" truecount="3" falsecount="0"/>
        <line num="37" count="5" type="stmt"/>
        <line num="48" count="11" type="stmt"/>
        <line num="49" count="37" type="stmt"/>
        <line num="52" count="11" type="stmt"/>
        <line num="53" count="24" type="stmt"/>
        <line num="56" count="11" type="cond" truecount="2" falsecount="0"/>
        <line num="57" count="8" type="stmt"/>
        <line num="59" count="3" type="stmt"/>
        <line num="68" count="5" type="stmt"/>
        <line num="69" count="17" type="stmt"/>
        <line num="72" count="5" type="stmt"/>
        <line num="73" count="17" type="stmt"/>
        <line num="76" count="5" type="stmt"/>
        <line num="84" count="5" type="stmt"/>
        <line num="85" count="20" type="stmt"/>
        <line num="88" count="5" type="stmt"/>
        <line num="89" count="20" type="stmt"/>
        <line num="92" count="5" type="stmt"/>
        <line num="99" count="5" type="stmt"/>
        <line num="100" count="20" type="stmt"/>
        <line num="103" count="5" type="stmt"/>
        <line num="105" count="20" type="stmt"/>
        <line num="108" count="5" type="stmt"/>
        <line num="115" count="5" type="stmt"/>
        <line num="116" count="20" type="stmt"/>
        <line num="119" count="5" type="stmt"/>
        <line num="120" count="20" type="stmt"/>
        <line num="123" count="5" type="stmt"/>
        <line num="125" count="11" type="stmt"/>
        <line num="129" count="5" type="stmt"/>
        <line num="150" count="5" type="stmt"/>
        <line num="151" count="20" type="stmt"/>
        <line num="154" count="5" type="stmt"/>
        <line num="157" count="20" type="stmt"/>
        <line num="169" count="5" type="stmt"/>
        <line num="178" count="5" type="stmt"/>
        <line num="179" count="20" type="stmt"/>
        <line num="187" count="5" type="stmt"/>
        <line num="195" count="5" type="stmt"/>
        <line num="196" count="20" type="stmt"/>
        <line num="199" count="5" type="stmt"/>
        <line num="207" count="6" type="stmt"/>
        <line num="208" count="20" type="stmt"/>
        <line num="211" count="6" type="stmt"/>
        <line num="212" count="20" type="cond" truecount="2" falsecount="0"/>
        <line num="215" count="6" type="stmt"/>
        <line num="216" count="11" type="stmt"/>
        <line num="219" count="6" type="stmt"/>
        <line num="220" count="11" type="stmt"/>
        <line num="223" count="6" type="cond" truecount="2" falsecount="0"/>
        <line num="224" count="2" type="stmt"/>
        <line num="225" count="4" type="cond" truecount="2" falsecount="0"/>
        <line num="226" count="1" type="stmt"/>
        <line num="228" count="3" type="stmt"/>
        <line num="252" count="3" type="stmt"/>
        <line num="253" count="6" type="stmt"/>
        <line num="255" count="3" type="stmt"/>
        <line num="269" count="3" type="stmt"/>
        <line num="282" count="3" type="stmt"/>
        <line num="283" count="10" type="stmt"/>
        <line num="286" count="3" type="stmt"/>
        <line num="288" count="10" type="cond" truecount="2" falsecount="0"/>
        <line num="291" count="3" type="stmt"/>
        <line num="306" count="4" type="stmt"/>
        <line num="307" count="12" type="stmt"/>
        <line num="310" count="4" type="stmt"/>
        <line num="312" count="12" type="cond" truecount="2" falsecount="0"/>
        <line num="317" count="4" type="stmt"/>
        <line num="319" count="12" type="cond" truecount="4" falsecount="0"/>
        <line num="325" count="4" type="stmt"/>
        <line num="344" count="5" type="stmt"/>
        <line num="345" count="2" type="stmt"/>
        <line num="346" count="2" type="stmt"/>
        <line num="347" count="2" type="stmt"/>
        <line num="350" count="5" type="cond" truecount="2" falsecount="0"/>
        <line num="351" count="3" type="stmt"/>
        <line num="353" count="10" type="cond" truecount="4" falsecount="0"/>
        <line num="357" count="3" type="stmt"/>
        <line num="359" count="2" type="stmt"/>
        <line num="361" count="8" type="cond" truecount="4" falsecount="0"/>
        <line num="365" count="2" type="stmt"/>
        <line num="380" count="3" type="stmt"/>
        <line num="381" count="9" type="stmt"/>
        <line num="384" count="3" type="stmt"/>
        <line num="385" count="6" type="stmt"/>
        <line num="388" count="3" type="stmt"/>
        <line num="394" count="3" type="stmt"/>
      </file>
      <file name="objects.ts" path="/Users/jessicamanchak/tasks/src/objects.ts">
        <metrics statements="27" coveredstatements="25" conditionals="17" coveredconditionals="15" methods="12" coveredmethods="12"/>
        <line num="13" count="3" type="stmt"/>
        <line num="33" count="14" type="cond" truecount="2" falsecount="0"/>
        <line num="38" count="6" type="stmt"/>
        <line num="40" count="8" type="stmt"/>
        <line num="51" count="18" type="cond" truecount="2" falsecount="0"/>
        <line num="52" count="8" type="stmt"/>
        <line num="53" count="10" type="cond" truecount="1" falsecount="1"/>
        <line num="54" count="10" type="stmt"/>
        <line num="55" count="30" type="cond" truecount="2" falsecount="0"/>
        <line num="57" count="10" type="stmt"/>
        <line num="58" count="24" type="stmt"/>
        <line num="60" count="10" type="stmt"/>
        <line num="62" count="0" type="stmt"/>
        <line num="73" count="5" type="stmt"/>
        <line num="74" count="5" type="stmt"/>
        <line num="95" count="4" type="cond" truecount="2" falsecount="0"/>
        <line num="96" count="2" type="stmt"/>
        <line num="97" count="2" type="cond" truecount="1" falsecount="1"/>
        <line num="99" count="2" type="stmt"/>
        <line num="108" count="0" type="stmt"/>
        <line num="117" count="2" type="stmt"/>
        <line num="126" count="4" type="cond" truecount="2" falsecount="0"/>
        <line num="127" count="2" type="stmt"/>
        <line num="129" count="2" type="stmt"/>
        <line num="140" count="2" type="stmt"/>
        <line num="156" count="2" type="stmt"/>
        <line num="173" count="2" type="stmt"/>
      </file>
    </package>
    <package name="src.bad-components">
      <metrics statements="29" coveredstatements="29" conditionals="2" coveredconditionals="1" methods="19" coveredmethods="19"/>
      <file name="ChooseTeam.tsx" path="/Users/jessicamanchak/tasks/src/bad-components/ChooseTeam.tsx">
        <metrics statements="13" coveredstatements="13" conditionals="2" coveredconditionals="1" methods="6" coveredmethods="6"/>
        <line num="4" count="2" type="stmt"/>
        <line num="14" count="17" type="stmt"/>
        <line num="15" count="17" type="stmt"/>
        <line num="18" count="9" type="stmt"/>
        <line num="20" count="9" type="cond" truecount="1" falsecount="1"/>
        <line num="21" count="9" type="stmt"/>
        <line num="22" count="9" type="stmt"/>
        <line num="27" count="1" type="stmt"/>
        <line num="28" count="1" type="stmt"/>
        <line num="31" count="17" type="stmt"/>
        <line num="37" count="102" type="stmt"/>
        <line num="40" count="9" type="stmt"/>
        <line num="51" count="15" type="stmt"/>
      </file>
      <file name="ColoredBox.tsx" path="/Users/jessicamanchak/tasks/src/bad-components/ColoredBox.tsx">
        <metrics statements="7" coveredstatements="7" conditionals="0" coveredconditionals="0" methods="4" coveredmethods="4"/>
        <line num="4" count="2" type="stmt"/>
        <line num="5" count="2" type="stmt"/>
        <line num="16" count="7" type="stmt"/>
        <line num="20" count="7" type="stmt"/>
        <line num="36" count="7" type="stmt"/>
        <line num="38" count="7" type="stmt"/>
        <line num="40" count="7" type="stmt"/>
      </file>
      <file name="DoubleHalf.tsx" path="/Users/jessicamanchak/tasks/src/bad-components/DoubleHalf.tsx">
        <metrics statements="4" coveredstatements="4" conditionals="0" coveredconditionals="0" methods="5" coveredmethods="5"/>
        <line num="11" count="14" type="stmt"/>
        <line num="15" count="14" type="stmt"/>
        <line num="19" count="14" type="stmt"/>
        <line num="20" count="14" type="stmt"/>
      </file>
      <file name="ShoveBox.tsx" path="/Users/jessicamanchak/tasks/src/bad-components/ShoveBox.tsx">
        <metrics statements="5" coveredstatements="5" conditionals="0" coveredconditionals="0" methods="4" coveredmethods="4"/>
        <line num="11" count="7" type="stmt"/>
        <line num="19" count="7" type="stmt"/>
        <line num="36" count="7" type="stmt"/>
        <line num="38" count="7" type="stmt"/>
        <line num="40" count="7" type="stmt"/>
      </file>
    </package>
    <package name="src.components">
      <metrics statements="31" coveredstatements="31" conditionals="18" coveredconditionals="17" methods="18" coveredmethods="18"/>
      <file name="ChangeType.tsx" path="/Users/jessicamanchak/tasks/src/components/ChangeType.tsx">
        <metrics statements="3" coveredstatements="3" conditionals="4" coveredconditionals="4" methods="2" coveredmethods="2"/>
        <line num="6" count="9" type="stmt"/>
        <line num="11" count="3" type="stmt"/>
        <line num="18" count="9" type="stmt"/>
      </file>
      <file name="Counter.tsx" path="/Users/jessicamanchak/tasks/src/components/Counter.tsx">
        <metrics statements="3" coveredstatements="3" conditionals="0" coveredconditionals="0" methods="2" coveredmethods="2"/>
        <line num="5" count="9" type="stmt"/>
        <line num="6" count="9" type="stmt"/>
        <line num="8" count="3" type="stmt"/>
      </file>
      <file name="CycleHoliday.tsx" path="/Users/jessicamanchak/tasks/src/components/CycleHoliday.tsx">
        <metrics statements="8" coveredstatements="8" conditionals="0" coveredconditionals="0" methods="3" coveredmethods="3"/>
        <line num="6" count="2" type="stmt"/>
        <line num="14" count="2" type="stmt"/>
        <line num="23" count="17" type="stmt"/>
        <line num="26" count="6" type="stmt"/>
        <line num="27" count="6" type="stmt"/>
        <line num="31" count="6" type="stmt"/>
        <line num="32" count="6" type="stmt"/>
        <line num="35" count="17" type="stmt"/>
      </file>
      <file name="RevealAnswer.tsx" path="/Users/jessicamanchak/tasks/src/components/RevealAnswer.tsx">
        <metrics statements="3" coveredstatements="3" conditionals="2" coveredconditionals="2" methods="2" coveredmethods="2"/>
        <line num="5" count="8" type="stmt"/>
        <line num="8" count="3" type="stmt"/>
        <line num="10" count="8" type="stmt"/>
      </file>
      <file name="StartAttempt.tsx" path="/Users/jessicamanchak/tasks/src/components/StartAttempt.tsx">
        <metrics statements="8" coveredstatements="8" conditionals="6" coveredconditionals="5" methods="5" coveredmethods="5"/>
        <line num="5" count="65" type="stmt"/>
        <line num="6" count="65" type="stmt"/>
        <line num="9" count="16" type="stmt"/>
        <line num="15" count="16" type="stmt"/>
        <line num="16" count="16" type="stmt"/>
        <line num="19" count="65" type="stmt"/>
        <line num="30" count="12" type="stmt"/>
        <line num="38" count="10" type="stmt"/>
      </file>
      <file name="TwoDice.tsx" path="/Users/jessicamanchak/tasks/src/components/TwoDice.tsx">
        <metrics statements="6" coveredstatements="6" conditionals="6" coveredconditionals="6" methods="4" coveredmethods="4"/>
        <line num="11" count="17" type="stmt"/>
        <line num="15" count="26" type="stmt"/>
        <line num="16" count="26" type="stmt"/>
        <line num="19" count="8" type="stmt"/>
        <line num="23" count="9" type="stmt"/>
        <line num="26" count="26" type="stmt"/>
      </file>
    </package>
    <package name="src.form-components">
      <metrics statements="29" coveredstatements="29" conditionals="18" coveredconditionals="13" methods="17" coveredmethods="17"/>
      <file name="ChangeColor.tsx" path="/Users/jessicamanchak/tasks/src/form-components/ChangeColor.tsx">
        <metrics statements="5" coveredstatements="5" conditionals="0" coveredconditionals="0" methods="3" coveredmethods="3"/>
        <line num="5" count="7" type="stmt"/>
        <line num="6" count="7" type="stmt"/>
        <line num="18" count="4" type="stmt"/>
        <line num="21" count="7" type="stmt"/>
        <line num="26" count="56" type="stmt"/>
      </file>
      <file name="CheckAnswer.tsx" path="/Users/jessicamanchak/tasks/src/form-components/CheckAnswer.tsx">
        <metrics statements="3" coveredstatements="3" conditionals="2" coveredconditionals="2" methods="2" coveredmethods="2"/>
        <line num="9" count="18" type="stmt"/>
        <line num="12" count="11" type="stmt"/>
        <line num="15" count="18" type="stmt"/>
      </file>
      <file name="EditMode.tsx" path="/Users/jessicamanchak/tasks/src/form-components/EditMode.tsx">
        <metrics statements="7" coveredstatements="7" conditionals="12" coveredconditionals="7" methods="4" coveredmethods="4"/>
        <line num="5" count="37" type="stmt"/>
        <line num="6" count="37" type="stmt"/>
        <line num="7" count="37" type="stmt"/>
        <line num="10" count="5" type="stmt"/>
        <line num="14" count="3" type="stmt"/>
        <line num="18" count="23" type="stmt"/>
        <line num="21" count="37" type="stmt"/>
      </file>
      <file name="GiveAttempts.tsx" path="/Users/jessicamanchak/tasks/src/form-components/GiveAttempts.tsx">
        <metrics statements="10" coveredstatements="10" conditionals="2" coveredconditionals="2" methods="5" coveredmethods="5"/>
        <line num="5" count="18" type="stmt"/>
        <line num="6" count="18" type="stmt"/>
        <line num="9" count="6" type="stmt"/>
        <line num="12" count="3" type="cond" truecount="2" falsecount="0"/>
        <line num="13" count="2" type="stmt"/>
        <line num="14" count="2" type="stmt"/>
        <line num="16" count="1" type="stmt"/>
        <line num="20" count="18" type="stmt"/>
        <line num="33" count="3" type="stmt"/>
        <line num="38" count="3" type="stmt"/>
      </file>
      <file name="MultipleChoiceQuestion.tsx" path="/Users/jessicamanchak/tasks/src/form-components/MultipleChoiceQuestion.tsx">
        <metrics statements="4" coveredstatements="4" conditionals="2" coveredconditionals="2" methods="3" coveredmethods="3"/>
        <line num="11" count="11" type="stmt"/>
        <line num="14" count="5" type="stmt"/>
        <line num="17" count="11" type="stmt"/>
        <line num="24" count="31" type="stmt"/>
      </file>
    </package>
    <package name="src.interfaces">
      <metrics statements="0" coveredstatements="0" conditionals="0" coveredconditionals="0" methods="0" coveredmethods="0"/>
      <file name="answer.ts" path="/Users/jessicamanchak/tasks/src/interfaces/answer.ts">
        <metrics statements="0" coveredstatements="0" conditionals="0" coveredconditionals="0" methods="0" coveredmethods="0"/>
      </file>
      <file name="question.ts" path="/Users/jessicamanchak/tasks/src/interfaces/question.ts">
        <metrics statements="0" coveredstatements="0" conditionals="0" coveredconditionals="0" methods="0" coveredmethods="0"/>
      </file>
    </package>
  </project>
</coverage>
