{"/Users/jessicamanchak/tasks/src/App.tsx": {"path":"/Users/jessicamanchak/tasks/src/App.tsx","statementMap":{"0":{"start":{"line":20,"column":4},"end":{"line":59,"column":6}}},"fnMap":{"0":{"name":"App","decl":{"start":{"line":19,"column":9},"end":{"line":19,"column":12}},"loc":{"start":{"line":19,"column":28},"end":{"line":60,"column":1}},"line":19}},"branchMap":{},"s":{"0":1},"f":{"0":1},"b":{},"_coverageSchema":"1a1c01bbd47fc00a2c39e90264f33305004495a9","hash":"f875597f0924c8eedc5c1a8330be3deddfe70fe1"}
,"/Users/jessicamanchak/tasks/src/arrays.ts": {"path":"/Users/jessicamanchak/tasks/src/arrays.ts","statementMap":{"0":{"start":{"line":8,"column":32},"end":{"line":8,"column":44}},"1":{"start":{"line":9,"column":4},"end":{"line":11,"column":5}},"2":{"start":{"line":10,"column":8},"end":{"line":10,"column":25}},"3":{"start":{"line":12,"column":4},"end":{"line":14,"column":5}},"4":{"start":{"line":13,"column":8},"end":{"line":13,"column":47}},"5":{"start":{"line":15,"column":4},"end":{"line":19,"column":5}},"6":{"start":{"line":16,"column":26},"end":{"line":16,"column":36}},"7":{"start":{"line":17,"column":25},"end":{"line":17,"column":52}},"8":{"start":{"line":18,"column":8},"end":{"line":18,"column":44}},"9":{"start":{"line":21,"column":4},"end":{"line":21,"column":23}},"10":{"start":{"line":29,"column":20},"end":{"line":29,"column":75}},"11":{"start":{"line":29,"column":62},"end":{"line":29,"column":74}},"12":{"start":{"line":30,"column":4},"end":{"line":30,"column":19}},"13":{"start":{"line":38,"column":25},"end":{"line":40,"column":5}},"14":{"start":{"line":39,"column":8},"end":{"line":39,"column":64}},"15":{"start":{"line":42,"column":4},"end":{"line":42,"column":24}},"16":{"start":{"line":52,"column":29},"end":{"line":64,"column":1}},"17":{"start":{"line":53,"column":25},"end":{"line":57,"column":5}},"18":{"start":{"line":54,"column":8},"end":{"line":56,"column":23}},"19":{"start":{"line":59,"column":26},"end":{"line":61,"column":5}},"20":{"start":{"line":60,"column":8},"end":{"line":60,"column":64}},"21":{"start":{"line":63,"column":4},"end":{"line":63,"column":25}},"22":{"start":{"line":71,"column":33},"end":{"line":82,"column":1}},"23":{"start":{"line":72,"column":28},"end":{"line":75,"column":5}},"24":{"start":{"line":74,"column":12},"end":{"line":74,"column":56}},"25":{"start":{"line":77,"column":30},"end":{"line":79,"column":5}},"26":{"start":{"line":78,"column":8},"end":{"line":78,"column":64}},"27":{"start":{"line":81,"column":4},"end":{"line":81,"column":29}},"28":{"start":{"line":89,"column":23},"end":{"line":91,"column":5}},"29":{"start":{"line":90,"column":36},"end":{"line":90,"column":52}},"30":{"start":{"line":93,"column":21},"end":{"line":93,"column":79}},"31":{"start":{"line":93,"column":62},"end":{"line":93,"column":75}},"32":{"start":{"line":95,"column":4},"end":{"line":95,"column":20}},"33":{"start":{"line":104,"column":24},"end":{"line":108,"column":5}},"34":{"start":{"line":105,"column":8},"end":{"line":107,"column":19}},"35":{"start":{"line":110,"column":23},"end":{"line":112,"column":5}},"36":{"start":{"line":111,"column":38},"end":{"line":111,"column":53}},"37":{"start":{"line":114,"column":4},"end":{"line":114,"column":22}},"38":{"start":{"line":125,"column":16},"end":{"line":128,"column":5}},"39":{"start":{"line":126,"column":44},"end":{"line":126,"column":59}},"40":{"start":{"line":130,"column":26},"end":{"line":132,"column":5}},"41":{"start":{"line":131,"column":8},"end":{"line":131,"column":23}},"42":{"start":{"line":135,"column":4},"end":{"line":140,"column":5}},"43":{"start":{"line":136,"column":8},"end":{"line":136,"column":21}},"44":{"start":{"line":138,"column":8},"end":{"line":138,"column":44}},"45":{"start":{"line":139,"column":8},"end":{"line":139,"column":37}},"46":{"start":{"line":153,"column":23},"end":{"line":153,"column":34}},"47":{"start":{"line":155,"column":18},"end":{"line":155,"column":79}},"48":{"start":{"line":155,"column":66},"end":{"line":155,"column":78}},"49":{"start":{"line":157,"column":4},"end":{"line":175,"column":5}},"50":{"start":{"line":158,"column":22},"end":{"line":161,"column":9}},"51":{"start":{"line":159,"column":50},"end":{"line":159,"column":67}},"52":{"start":{"line":163,"column":8},"end":{"line":163,"column":51}},"53":{"start":{"line":164,"column":8},"end":{"line":164,"column":26}},"54":{"start":{"line":165,"column":11},"end":{"line":175,"column":5}},"55":{"start":{"line":166,"column":8},"end":{"line":166,"column":43}},"56":{"start":{"line":167,"column":8},"end":{"line":167,"column":26}},"57":{"start":{"line":169,"column":25},"end":{"line":172,"column":9}},"58":{"start":{"line":170,"column":50},"end":{"line":170,"column":67}},"59":{"start":{"line":173,"column":8},"end":{"line":173,"column":50}},"60":{"start":{"line":174,"column":8},"end":{"line":174,"column":26}}},"fnMap":{"0":{"name":"bookEndList","decl":{"start":{"line":7,"column":16},"end":{"line":7,"column":27}},"loc":{"start":{"line":7,"column":57},"end":{"line":22,"column":1}},"line":7},"1":{"name":"tripleNumbers","decl":{"start":{"line":28,"column":16},"end":{"line":28,"column":29}},"loc":{"start":{"line":28,"column":59},"end":{"line":31,"column":1}},"line":28},"2":{"name":"(anonymous_2)","decl":{"start":{"line":29,"column":32},"end":{"line":29,"column":33}},"loc":{"start":{"line":29,"column":62},"end":{"line":29,"column":74}},"line":29},"3":{"name":"stringsToIntegers","decl":{"start":{"line":37,"column":16},"end":{"line":37,"column":33}},"loc":{"start":{"line":37,"column":63},"end":{"line":43,"column":1}},"line":37},"4":{"name":"(anonymous_4)","decl":{"start":{"line":38,"column":37},"end":{"line":38,"column":38}},"loc":{"start":{"line":39,"column":8},"end":{"line":39,"column":64}},"line":39},"5":{"name":"(anonymous_5)","decl":{"start":{"line":52,"column":29},"end":{"line":52,"column":30}},"loc":{"start":{"line":52,"column":62},"end":{"line":64,"column":1}},"line":52},"6":{"name":"(anonymous_6)","decl":{"start":{"line":53,"column":37},"end":{"line":53,"column":38}},"loc":{"start":{"line":54,"column":8},"end":{"line":56,"column":23}},"line":54},"7":{"name":"(anonymous_7)","decl":{"start":{"line":59,"column":43},"end":{"line":59,"column":44}},"loc":{"start":{"line":60,"column":8},"end":{"line":60,"column":64}},"line":60},"8":{"name":"(anonymous_8)","decl":{"start":{"line":71,"column":33},"end":{"line":71,"column":34}},"loc":{"start":{"line":71,"column":67},"end":{"line":82,"column":1}},"line":71},"9":{"name":"(anonymous_9)","decl":{"start":{"line":73,"column":8},"end":{"line":73,"column":9}},"loc":{"start":{"line":74,"column":12},"end":{"line":74,"column":56}},"line":74},"10":{"name":"(anonymous_10)","decl":{"start":{"line":77,"column":50},"end":{"line":77,"column":51}},"loc":{"start":{"line":78,"column":8},"end":{"line":78,"column":64}},"line":78},"11":{"name":"countShortWords","decl":{"start":{"line":88,"column":16},"end":{"line":88,"column":31}},"loc":{"start":{"line":88,"column":57},"end":{"line":96,"column":1}},"line":88},"12":{"name":"(anonymous_12)","decl":{"start":{"line":90,"column":8},"end":{"line":90,"column":9}},"loc":{"start":{"line":90,"column":36},"end":{"line":90,"column":52}},"line":90},"13":{"name":"(anonymous_13)","decl":{"start":{"line":93,"column":39},"end":{"line":93,"column":40}},"loc":{"start":{"line":93,"column":62},"end":{"line":93,"column":75}},"line":93},"14":{"name":"allRGB","decl":{"start":{"line":103,"column":16},"end":{"line":103,"column":22}},"loc":{"start":{"line":103,"column":50},"end":{"line":115,"column":1}},"line":103},"15":{"name":"(anonymous_15)","decl":{"start":{"line":104,"column":35},"end":{"line":104,"column":36}},"loc":{"start":{"line":105,"column":8},"end":{"line":107,"column":19}},"line":105},"16":{"name":"(anonymous_16)","decl":{"start":{"line":111,"column":8},"end":{"line":111,"column":9}},"loc":{"start":{"line":111,"column":38},"end":{"line":111,"column":53}},"line":111},"17":{"name":"makeMath","decl":{"start":{"line":124,"column":16},"end":{"line":124,"column":24}},"loc":{"start":{"line":124,"column":52},"end":{"line":141,"column":1}},"line":124},"18":{"name":"(anonymous_18)","decl":{"start":{"line":126,"column":8},"end":{"line":126,"column":9}},"loc":{"start":{"line":126,"column":44},"end":{"line":126,"column":59}},"line":126},"19":{"name":"(anonymous_19)","decl":{"start":{"line":130,"column":38},"end":{"line":130,"column":39}},"loc":{"start":{"line":131,"column":8},"end":{"line":131,"column":23}},"line":131},"20":{"name":"injectPositive","decl":{"start":{"line":152,"column":16},"end":{"line":152,"column":30}},"loc":{"start":{"line":152,"column":59},"end":{"line":176,"column":1}},"line":152},"21":{"name":"(anonymous_21)","decl":{"start":{"line":155,"column":35},"end":{"line":155,"column":36}},"loc":{"start":{"line":155,"column":66},"end":{"line":155,"column":78}},"line":155},"22":{"name":"(anonymous_22)","decl":{"start":{"line":159,"column":12},"end":{"line":159,"column":13}},"loc":{"start":{"line":159,"column":50},"end":{"line":159,"column":67}},"line":159},"23":{"name":"(anonymous_23)","decl":{"start":{"line":170,"column":12},"end":{"line":170,"column":13}},"loc":{"start":{"line":170,"column":50},"end":{"line":170,"column":67}},"line":170}},"branchMap":{"0":{"loc":{"start":{"line":9,"column":4},"end":{"line":11,"column":5}},"type":"if","locations":[{"start":{"line":9,"column":4},"end":{"line":11,"column":5}},{"start":{},"end":{}}],"line":9},"1":{"loc":{"start":{"line":12,"column":4},"end":{"line":14,"column":5}},"type":"if","locations":[{"start":{"line":12,"column":4},"end":{"line":14,"column":5}},{"start":{},"end":{}}],"line":12},"2":{"loc":{"start":{"line":15,"column":4},"end":{"line":19,"column":5}},"type":"if","locations":[{"start":{"line":15,"column":4},"end":{"line":19,"column":5}},{"start":{},"end":{}}],"line":15},"3":{"loc":{"start":{"line":39,"column":8},"end":{"line":39,"column":64}},"type":"cond-expr","locations":[{"start":{"line":39,"column":43},"end":{"line":39,"column":60}},{"start":{"line":39,"column":63},"end":{"line":39,"column":64}}],"line":39},"4":{"loc":{"start":{"line":54,"column":8},"end":{"line":56,"column":23}},"type":"cond-expr","locations":[{"start":{"line":55,"column":15},"end":{"line":55,"column":63}},{"start":{"line":56,"column":14},"end":{"line":56,"column":23}}],"line":54},"5":{"loc":{"start":{"line":60,"column":8},"end":{"line":60,"column":64}},"type":"cond-expr","locations":[{"start":{"line":60,"column":43},"end":{"line":60,"column":60}},{"start":{"line":60,"column":63},"end":{"line":60,"column":64}}],"line":60},"6":{"loc":{"start":{"line":78,"column":8},"end":{"line":78,"column":64}},"type":"cond-expr","locations":[{"start":{"line":78,"column":33},"end":{"line":78,"column":40}},{"start":{"line":78,"column":43},"end":{"line":78,"column":64}}],"line":78},"7":{"loc":{"start":{"line":105,"column":8},"end":{"line":107,"column":19}},"type":"cond-expr","locations":[{"start":{"line":106,"column":14},"end":{"line":106,"column":18}},{"start":{"line":107,"column":14},"end":{"line":107,"column":19}}],"line":105},"8":{"loc":{"start":{"line":105,"column":8},"end":{"line":105,"column":80}},"type":"binary-expr","locations":[{"start":{"line":105,"column":8},"end":{"line":105,"column":23}},{"start":{"line":105,"column":27},"end":{"line":105,"column":44}},{"start":{"line":105,"column":48},"end":{"line":105,"column":64}},{"start":{"line":105,"column":68},"end":{"line":105,"column":80}}],"line":105},"9":{"loc":{"start":{"line":135,"column":4},"end":{"line":140,"column":5}},"type":"if","locations":[{"start":{"line":135,"column":4},"end":{"line":140,"column":5}},{"start":{"line":137,"column":11},"end":{"line":140,"column":5}}],"line":135},"10":{"loc":{"start":{"line":157,"column":4},"end":{"line":175,"column":5}},"type":"if","locations":[{"start":{"line":157,"column":4},"end":{"line":175,"column":5}},{"start":{"line":165,"column":11},"end":{"line":175,"column":5}}],"line":157},"11":{"loc":{"start":{"line":165,"column":11},"end":{"line":175,"column":5}},"type":"if","locations":[{"start":{"line":165,"column":11},"end":{"line":175,"column":5}},{"start":{"line":168,"column":11},"end":{"line":175,"column":5}}],"line":165}},"s":{"0":6,"1":6,"2":0,"3":6,"4":1,"5":6,"6":5,"7":5,"8":5,"9":6,"10":6,"11":17,"12":6,"13":7,"14":18,"15":7,"16":1,"17":8,"18":22,"19":8,"20":22,"21":8,"22":1,"23":6,"24":20,"25":6,"26":15,"27":6,"28":6,"29":22,"30":6,"31":12,"32":6,"33":9,"34":21,"35":9,"36":19,"37":9,"38":5,"39":12,"40":5,"41":12,"42":5,"43":1,"44":4,"45":4,"46":7,"47":7,"48":17,"49":7,"50":5,"51":12,"52":5,"53":5,"54":2,"55":1,"56":1,"57":1,"58":6,"59":1,"60":1},"f":{"0":6,"1":6,"2":17,"3":7,"4":18,"5":8,"6":22,"7":22,"8":6,"9":20,"10":15,"11":6,"12":22,"13":12,"14":9,"15":21,"16":19,"17":5,"18":12,"19":12,"20":7,"21":17,"22":12,"23":6},"b":{"0":[0,6],"1":[1,5],"2":[5,1],"3":[12,6],"4":[15,7],"5":[15,7],"6":[7,8],"7":[16,5],"8":[21,12,9,5],"9":[1,4],"10":[5,2],"11":[1,1]},"_coverageSchema":"1a1c01bbd47fc00a2c39e90264f33305004495a9","hash":"7b5575915711918399d23236ac4e8091a7d02362"}
,"/Users/jessicamanchak/tasks/src/functions.ts": {"path":"/Users/jessicamanchak/tasks/src/functions.ts","statementMap":{"0":{"start":{"line":7,"column":4},"end":{"line":7,"column":40}},"1":{"start":{"line":16,"column":4},"end":{"line":16,"column":15}},"2":{"start":{"line":17,"column":4},"end":{"line":19,"column":5}},"3":{"start":{"line":18,"column":8},"end":{"line":18,"column":24}},"4":{"start":{"line":20,"column":4},"end":{"line":22,"column":5}},"5":{"start":{"line":21,"column":8},"end":{"line":21,"column":25}},"6":{"start":{"line":23,"column":4},"end":{"line":25,"column":5}},"7":{"start":{"line":24,"column":8},"end":{"line":24,"column":24}},"8":{"start":{"line":26,"column":4},"end":{"line":26,"column":18}},"9":{"start":{"line":34,"column":4},"end":{"line":34,"column":39}},"10":{"start":{"line":42,"column":34},"end":{"line":42,"column":48}},"11":{"start":{"line":43,"column":4},"end":{"line":43,"column":68}},"12":{"start":{"line":52,"column":4},"end":{"line":58,"column":5}},"13":{"start":{"line":53,"column":8},"end":{"line":53,"column":20}},"14":{"start":{"line":54,"column":11},"end":{"line":58,"column":5}},"15":{"start":{"line":55,"column":8},"end":{"line":55,"column":21}},"16":{"start":{"line":57,"column":8},"end":{"line":57,"column":20}}},"fnMap":{"0":{"name":"fahrenheitToCelius","decl":{"start":{"line":6,"column":16},"end":{"line":6,"column":34}},"loc":{"start":{"line":6,"column":64},"end":{"line":8,"column":1}},"line":6},"1":{"name":"add3","decl":{"start":{"line":14,"column":16},"end":{"line":14,"column":20}},"loc":{"start":{"line":14,"column":75},"end":{"line":27,"column":1}},"line":14},"2":{"name":"shout","decl":{"start":{"line":33,"column":16},"end":{"line":33,"column":21}},"loc":{"start":{"line":33,"column":47},"end":{"line":35,"column":1}},"line":33},"3":{"name":"isQuestion","decl":{"start":{"line":41,"column":16},"end":{"line":41,"column":26}},"loc":{"start":{"line":41,"column":53},"end":{"line":44,"column":1}},"line":41},"4":{"name":"convertYesNo","decl":{"start":{"line":51,"column":16},"end":{"line":51,"column":28}},"loc":{"start":{"line":51,"column":59},"end":{"line":59,"column":1}},"line":51}},"branchMap":{"0":{"loc":{"start":{"line":17,"column":4},"end":{"line":19,"column":5}},"type":"if","locations":[{"start":{"line":17,"column":4},"end":{"line":19,"column":5}},{"start":{},"end":{}}],"line":17},"1":{"loc":{"start":{"line":20,"column":4},"end":{"line":22,"column":5}},"type":"if","locations":[{"start":{"line":20,"column":4},"end":{"line":22,"column":5}},{"start":{},"end":{}}],"line":20},"2":{"loc":{"start":{"line":23,"column":4},"end":{"line":25,"column":5}},"type":"if","locations":[{"start":{"line":23,"column":4},"end":{"line":25,"column":5}},{"start":{},"end":{}}],"line":23},"3":{"loc":{"start":{"line":43,"column":11},"end":{"line":43,"column":67}},"type":"cond-expr","locations":[{"start":{"line":43,"column":55},"end":{"line":43,"column":59}},{"start":{"line":43,"column":62},"end":{"line":43,"column":67}}],"line":43},"4":{"loc":{"start":{"line":52,"column":4},"end":{"line":58,"column":5}},"type":"if","locations":[{"start":{"line":52,"column":4},"end":{"line":58,"column":5}},{"start":{"line":54,"column":11},"end":{"line":58,"column":5}}],"line":52},"5":{"loc":{"start":{"line":52,"column":8},"end":{"line":52,"column":40}},"type":"binary-expr","locations":[{"start":{"line":52,"column":8},"end":{"line":52,"column":22}},{"start":{"line":52,"column":26},"end":{"line":52,"column":40}}],"line":52},"6":{"loc":{"start":{"line":54,"column":11},"end":{"line":58,"column":5}},"type":"if","locations":[{"start":{"line":54,"column":11},"end":{"line":58,"column":5}},{"start":{"line":56,"column":11},"end":{"line":58,"column":5}}],"line":54},"7":{"loc":{"start":{"line":54,"column":15},"end":{"line":54,"column":45}},"type":"binary-expr","locations":[{"start":{"line":54,"column":15},"end":{"line":54,"column":28}},{"start":{"line":54,"column":32},"end":{"line":54,"column":45}}],"line":54}},"s":{"0":7,"1":6,"2":6,"3":4,"4":6,"5":3,"6":6,"7":4,"8":6,"9":6,"10":7,"11":7,"12":9,"13":2,"14":7,"15":2,"16":5},"f":{"0":7,"1":6,"2":6,"3":7,"4":9},"b":{"0":[4,2],"1":[3,3],"2":[4,2],"3":[3,4],"4":[2,7],"5":[9,8],"6":[2,5],"7":[7,6]},"_coverageSchema":"1a1c01bbd47fc00a2c39e90264f33305004495a9","hash":"d092f05b9f7ee6aaa51f07906ad6414edef1d22d"}
,"/Users/jessicamanchak/tasks/src/nested.ts": {"path":"/Users/jessicamanchak/tasks/src/nested.ts","statementMap":{"0":{"start":{"line":9,"column":24},"end":{"line":11,"column":5}},"1":{"start":{"line":10,"column":43},"end":{"line":10,"column":58}},"2":{"start":{"line":12,"column":4},"end":{"line":14,"column":6}},"3":{"start":{"line":13,"column":41},"end":{"line":13,"column":68}},"4":{"start":{"line":15,"column":4},"end":{"line":15,"column":25}},"5":{"start":{"line":24,"column":26},"end":{"line":29,"column":5}},"6":{"start":{"line":25,"column":43},"end":{"line":28,"column":9}},"7":{"start":{"line":31,"column":21},"end":{"line":36,"column":5}},"8":{"start":{"line":33,"column":12},"end":{"line":35,"column":40}},"9":{"start":{"line":37,"column":4},"end":{"line":37,"column":20}},"10":{"start":{"line":48,"column":26},"end":{"line":50,"column":5}},"11":{"start":{"line":49,"column":43},"end":{"line":49,"column":58}},"12":{"start":{"line":52,"column":18},"end":{"line":54,"column":5}},"13":{"start":{"line":53,"column":41},"end":{"line":53,"column":59}},"14":{"start":{"line":56,"column":4},"end":{"line":60,"column":5}},"15":{"start":{"line":57,"column":8},"end":{"line":57,"column":32}},"16":{"start":{"line":59,"column":8},"end":{"line":59,"column":20}},"17":{"start":{"line":68,"column":26},"end":{"line":70,"column":5}},"18":{"start":{"line":69,"column":43},"end":{"line":69,"column":58}},"19":{"start":{"line":72,"column":21},"end":{"line":74,"column":5}},"20":{"start":{"line":73,"column":41},"end":{"line":73,"column":59}},"21":{"start":{"line":76,"column":4},"end":{"line":76,"column":20}},"22":{"start":{"line":84,"column":26},"end":{"line":86,"column":5}},"23":{"start":{"line":85,"column":43},"end":{"line":85,"column":58}},"24":{"start":{"line":88,"column":25},"end":{"line":90,"column":5}},"25":{"start":{"line":89,"column":40},"end":{"line":89,"column":53}},"26":{"start":{"line":92,"column":4},"end":{"line":92,"column":24}},"27":{"start":{"line":99,"column":26},"end":{"line":101,"column":5}},"28":{"start":{"line":100,"column":43},"end":{"line":100,"column":58}},"29":{"start":{"line":103,"column":21},"end":{"line":107,"column":5}},"30":{"start":{"line":105,"column":12},"end":{"line":105,"column":43}},"31":{"start":{"line":108,"column":4},"end":{"line":108,"column":20}},"32":{"start":{"line":115,"column":26},"end":{"line":117,"column":5}},"33":{"start":{"line":116,"column":43},"end":{"line":116,"column":58}},"34":{"start":{"line":119,"column":24},"end":{"line":121,"column":5}},"35":{"start":{"line":120,"column":41},"end":{"line":120,"column":59}},"36":{"start":{"line":123,"column":25},"end":{"line":127,"column":5}},"37":{"start":{"line":125,"column":12},"end":{"line":125,"column":46}},"38":{"start":{"line":129,"column":4},"end":{"line":129,"column":24}},"39":{"start":{"line":150,"column":26},"end":{"line":152,"column":5}},"40":{"start":{"line":151,"column":43},"end":{"line":151,"column":58}},"41":{"start":{"line":154,"column":24},"end":{"line":167,"column":19}},"42":{"start":{"line":157,"column":16},"end":{"line":165,"column":34}},"43":{"start":{"line":169,"column":4},"end":{"line":169,"column":62}},"44":{"start":{"line":178,"column":26},"end":{"line":185,"column":5}},"45":{"start":{"line":179,"column":41},"end":{"line":184,"column":9}},"46":{"start":{"line":187,"column":4},"end":{"line":187,"column":25}},"47":{"start":{"line":195,"column":26},"end":{"line":197,"column":5}},"48":{"start":{"line":196,"column":43},"end":{"line":196,"column":75}},"49":{"start":{"line":199,"column":4},"end":{"line":199,"column":25}},"50":{"start":{"line":207,"column":26},"end":{"line":209,"column":5}},"51":{"start":{"line":208,"column":43},"end":{"line":208,"column":58}},"52":{"start":{"line":211,"column":20},"end":{"line":213,"column":5}},"53":{"start":{"line":212,"column":8},"end":{"line":212,"column":67}},"54":{"start":{"line":215,"column":23},"end":{"line":217,"column":5}},"55":{"start":{"line":216,"column":38},"end":{"line":216,"column":53}},"56":{"start":{"line":219,"column":24},"end":{"line":221,"column":5}},"57":{"start":{"line":220,"column":39},"end":{"line":220,"column":56}},"58":{"start":{"line":223,"column":4},"end":{"line":229,"column":5}},"59":{"start":{"line":224,"column":8},"end":{"line":224,"column":20}},"60":{"start":{"line":225,"column":11},"end":{"line":229,"column":5}},"61":{"start":{"line":226,"column":8},"end":{"line":226,"column":20}},"62":{"start":{"line":228,"column":8},"end":{"line":228,"column":21}},"63":{"start":{"line":252,"column":26},"end":{"line":254,"column":5}},"64":{"start":{"line":253,"column":43},"end":{"line":253,"column":58}},"65":{"start":{"line":255,"column":21},"end":{"line":267,"column":5}},"66":{"start":{"line":269,"column":4},"end":{"line":269,"column":20}},"67":{"start":{"line":282,"column":26},"end":{"line":284,"column":5}},"68":{"start":{"line":283,"column":43},"end":{"line":283,"column":58}},"69":{"start":{"line":286,"column":20},"end":{"line":289,"column":5}},"70":{"start":{"line":288,"column":12},"end":{"line":288,"column":80}},"71":{"start":{"line":291,"column":4},"end":{"line":291,"column":19}},"72":{"start":{"line":306,"column":26},"end":{"line":308,"column":5}},"73":{"start":{"line":307,"column":43},"end":{"line":307,"column":58}},"74":{"start":{"line":310,"column":20},"end":{"line":315,"column":5}},"75":{"start":{"line":312,"column":12},"end":{"line":314,"column":26}},"76":{"start":{"line":317,"column":26},"end":{"line":323,"column":5}},"77":{"start":{"line":319,"column":12},"end":{"line":322,"column":26}},"78":{"start":{"line":325,"column":4},"end":{"line":325,"column":25}},"79":{"start":{"line":344,"column":26},"end":{"line":348,"column":5}},"80":{"start":{"line":345,"column":28},"end":{"line":345,"column":49}},"81":{"start":{"line":346,"column":8},"end":{"line":346,"column":60}},"82":{"start":{"line":347,"column":8},"end":{"line":347,"column":27}},"83":{"start":{"line":350,"column":4},"end":{"line":366,"column":5}},"84":{"start":{"line":351,"column":27},"end":{"line":356,"column":9}},"85":{"start":{"line":353,"column":16},"end":{"line":355,"column":37}},"86":{"start":{"line":357,"column":8},"end":{"line":357,"column":26}},"87":{"start":{"line":359,"column":30},"end":{"line":364,"column":9}},"88":{"start":{"line":361,"column":16},"end":{"line":363,"column":37}},"89":{"start":{"line":365,"column":8},"end":{"line":365,"column":29}},"90":{"start":{"line":380,"column":26},"end":{"line":382,"column":5}},"91":{"start":{"line":381,"column":43},"end":{"line":381,"column":58}},"92":{"start":{"line":384,"column":32},"end":{"line":386,"column":5}},"93":{"start":{"line":385,"column":41},"end":{"line":385,"column":65}},"94":{"start":{"line":388,"column":4},"end":{"line":392,"column":7}},"95":{"start":{"line":394,"column":4},"end":{"line":394,"column":25}}},"fnMap":{"0":{"name":"getPublishedQuestions","decl":{"start":{"line":8,"column":16},"end":{"line":8,"column":37}},"loc":{"start":{"line":8,"column":73},"end":{"line":16,"column":1}},"line":8},"1":{"name":"(anonymous_1)","decl":{"start":{"line":10,"column":8},"end":{"line":10,"column":9}},"loc":{"start":{"line":10,"column":43},"end":{"line":10,"column":58}},"line":10},"2":{"name":"(anonymous_2)","decl":{"start":{"line":13,"column":8},"end":{"line":13,"column":9}},"loc":{"start":{"line":13,"column":41},"end":{"line":13,"column":68}},"line":13},"3":{"name":"getNonEmptyQuestions","decl":{"start":{"line":23,"column":16},"end":{"line":23,"column":36}},"loc":{"start":{"line":23,"column":72},"end":{"line":38,"column":1}},"line":23},"4":{"name":"(anonymous_4)","decl":{"start":{"line":25,"column":8},"end":{"line":25,"column":9}},"loc":{"start":{"line":25,"column":43},"end":{"line":28,"column":9}},"line":25},"5":{"name":"(anonymous_5)","decl":{"start":{"line":32,"column":8},"end":{"line":32,"column":9}},"loc":{"start":{"line":33,"column":12},"end":{"line":35,"column":40}},"line":33},"6":{"name":"findQuestion","decl":{"start":{"line":44,"column":16},"end":{"line":44,"column":28}},"loc":{"start":{"line":47,"column":19},"end":{"line":61,"column":1}},"line":47},"7":{"name":"(anonymous_7)","decl":{"start":{"line":49,"column":8},"end":{"line":49,"column":9}},"loc":{"start":{"line":49,"column":43},"end":{"line":49,"column":58}},"line":49},"8":{"name":"(anonymous_8)","decl":{"start":{"line":53,"column":8},"end":{"line":53,"column":9}},"loc":{"start":{"line":53,"column":41},"end":{"line":53,"column":59}},"line":53},"9":{"name":"removeQuestion","decl":{"start":{"line":67,"column":16},"end":{"line":67,"column":30}},"loc":{"start":{"line":67,"column":78},"end":{"line":77,"column":1}},"line":67},"10":{"name":"(anonymous_10)","decl":{"start":{"line":69,"column":8},"end":{"line":69,"column":9}},"loc":{"start":{"line":69,"column":43},"end":{"line":69,"column":58}},"line":69},"11":{"name":"(anonymous_11)","decl":{"start":{"line":73,"column":8},"end":{"line":73,"column":9}},"loc":{"start":{"line":73,"column":41},"end":{"line":73,"column":59}},"line":73},"12":{"name":"getNames","decl":{"start":{"line":83,"column":16},"end":{"line":83,"column":24}},"loc":{"start":{"line":83,"column":58},"end":{"line":93,"column":1}},"line":83},"13":{"name":"(anonymous_13)","decl":{"start":{"line":85,"column":8},"end":{"line":85,"column":9}},"loc":{"start":{"line":85,"column":43},"end":{"line":85,"column":58}},"line":85},"14":{"name":"(anonymous_14)","decl":{"start":{"line":89,"column":8},"end":{"line":89,"column":9}},"loc":{"start":{"line":89,"column":40},"end":{"line":89,"column":53}},"line":89},"15":{"name":"sumPoints","decl":{"start":{"line":98,"column":16},"end":{"line":98,"column":25}},"loc":{"start":{"line":98,"column":57},"end":{"line":109,"column":1}},"line":98},"16":{"name":"(anonymous_16)","decl":{"start":{"line":100,"column":8},"end":{"line":100,"column":9}},"loc":{"start":{"line":100,"column":43},"end":{"line":100,"column":58}},"line":100},"17":{"name":"(anonymous_17)","decl":{"start":{"line":104,"column":8},"end":{"line":104,"column":9}},"loc":{"start":{"line":105,"column":12},"end":{"line":105,"column":43}},"line":105},"18":{"name":"sumPublishedPoints","decl":{"start":{"line":114,"column":16},"end":{"line":114,"column":34}},"loc":{"start":{"line":114,"column":66},"end":{"line":130,"column":1}},"line":114},"19":{"name":"(anonymous_19)","decl":{"start":{"line":116,"column":8},"end":{"line":116,"column":9}},"loc":{"start":{"line":116,"column":43},"end":{"line":116,"column":58}},"line":116},"20":{"name":"(anonymous_20)","decl":{"start":{"line":120,"column":8},"end":{"line":120,"column":9}},"loc":{"start":{"line":120,"column":41},"end":{"line":120,"column":59}},"line":120},"21":{"name":"(anonymous_21)","decl":{"start":{"line":124,"column":8},"end":{"line":124,"column":9}},"loc":{"start":{"line":125,"column":12},"end":{"line":125,"column":46}},"line":125},"22":{"name":"toCSV","decl":{"start":{"line":149,"column":16},"end":{"line":149,"column":21}},"loc":{"start":{"line":149,"column":53},"end":{"line":170,"column":1}},"line":149},"23":{"name":"(anonymous_23)","decl":{"start":{"line":151,"column":8},"end":{"line":151,"column":9}},"loc":{"start":{"line":151,"column":43},"end":{"line":151,"column":58}},"line":151},"24":{"name":"(anonymous_24)","decl":{"start":{"line":156,"column":12},"end":{"line":156,"column":13}},"loc":{"start":{"line":157,"column":16},"end":{"line":165,"column":34}},"line":157},"25":{"name":"makeAnswers","decl":{"start":{"line":177,"column":16},"end":{"line":177,"column":27}},"loc":{"start":{"line":177,"column":61},"end":{"line":188,"column":1}},"line":177},"26":{"name":"(anonymous_26)","decl":{"start":{"line":179,"column":8},"end":{"line":179,"column":9}},"loc":{"start":{"line":179,"column":41},"end":{"line":184,"column":9}},"line":179},"27":{"name":"publishAll","decl":{"start":{"line":194,"column":16},"end":{"line":194,"column":26}},"loc":{"start":{"line":194,"column":62},"end":{"line":200,"column":1}},"line":194},"28":{"name":"(anonymous_28)","decl":{"start":{"line":196,"column":8},"end":{"line":196,"column":9}},"loc":{"start":{"line":196,"column":43},"end":{"line":196,"column":75}},"line":196},"29":{"name":"sameType","decl":{"start":{"line":206,"column":16},"end":{"line":206,"column":24}},"loc":{"start":{"line":206,"column":57},"end":{"line":230,"column":1}},"line":206},"30":{"name":"(anonymous_30)","decl":{"start":{"line":208,"column":8},"end":{"line":208,"column":9}},"loc":{"start":{"line":208,"column":43},"end":{"line":208,"column":58}},"line":208},"31":{"name":"(anonymous_31)","decl":{"start":{"line":211,"column":38},"end":{"line":211,"column":39}},"loc":{"start":{"line":212,"column":8},"end":{"line":212,"column":67}},"line":212},"32":{"name":"(anonymous_32)","decl":{"start":{"line":216,"column":8},"end":{"line":216,"column":9}},"loc":{"start":{"line":216,"column":38},"end":{"line":216,"column":53}},"line":216},"33":{"name":"(anonymous_33)","decl":{"start":{"line":220,"column":8},"end":{"line":220,"column":9}},"loc":{"start":{"line":220,"column":39},"end":{"line":220,"column":56}},"line":220},"34":{"name":"addNewQuestion","decl":{"start":{"line":246,"column":16},"end":{"line":246,"column":30}},"loc":{"start":{"line":251,"column":14},"end":{"line":270,"column":1}},"line":251},"35":{"name":"(anonymous_35)","decl":{"start":{"line":253,"column":8},"end":{"line":253,"column":9}},"loc":{"start":{"line":253,"column":43},"end":{"line":253,"column":58}},"line":253},"36":{"name":"renameQuestionById","decl":{"start":{"line":277,"column":16},"end":{"line":277,"column":34}},"loc":{"start":{"line":281,"column":14},"end":{"line":292,"column":1}},"line":281},"37":{"name":"(anonymous_37)","decl":{"start":{"line":283,"column":8},"end":{"line":283,"column":9}},"loc":{"start":{"line":283,"column":43},"end":{"line":283,"column":58}},"line":283},"38":{"name":"(anonymous_38)","decl":{"start":{"line":287,"column":8},"end":{"line":287,"column":9}},"loc":{"start":{"line":288,"column":12},"end":{"line":288,"column":80}},"line":288},"39":{"name":"changeQuestionTypeById","decl":{"start":{"line":301,"column":16},"end":{"line":301,"column":38}},"loc":{"start":{"line":305,"column":14},"end":{"line":326,"column":1}},"line":305},"40":{"name":"(anonymous_40)","decl":{"start":{"line":307,"column":8},"end":{"line":307,"column":9}},"loc":{"start":{"line":307,"column":43},"end":{"line":307,"column":58}},"line":307},"41":{"name":"(anonymous_41)","decl":{"start":{"line":311,"column":8},"end":{"line":311,"column":9}},"loc":{"start":{"line":312,"column":12},"end":{"line":314,"column":26}},"line":312},"42":{"name":"(anonymous_42)","decl":{"start":{"line":318,"column":8},"end":{"line":318,"column":9}},"loc":{"start":{"line":319,"column":12},"end":{"line":322,"column":26}},"line":319},"43":{"name":"editOption","decl":{"start":{"line":338,"column":16},"end":{"line":338,"column":26}},"loc":{"start":{"line":343,"column":14},"end":{"line":367,"column":1}},"line":343},"44":{"name":"(anonymous_44)","decl":{"start":{"line":344,"column":26},"end":{"line":344,"column":27}},"loc":{"start":{"line":344,"column":50},"end":{"line":348,"column":5}},"line":344},"45":{"name":"(anonymous_45)","decl":{"start":{"line":352,"column":12},"end":{"line":352,"column":13}},"loc":{"start":{"line":353,"column":16},"end":{"line":355,"column":37}},"line":353},"46":{"name":"(anonymous_46)","decl":{"start":{"line":360,"column":12},"end":{"line":360,"column":13}},"loc":{"start":{"line":361,"column":16},"end":{"line":363,"column":37}},"line":361},"47":{"name":"duplicateQuestionInArray","decl":{"start":{"line":375,"column":16},"end":{"line":375,"column":40}},"loc":{"start":{"line":379,"column":14},"end":{"line":395,"column":1}},"line":379},"48":{"name":"(anonymous_48)","decl":{"start":{"line":381,"column":8},"end":{"line":381,"column":9}},"loc":{"start":{"line":381,"column":43},"end":{"line":381,"column":58}},"line":381},"49":{"name":"(anonymous_49)","decl":{"start":{"line":385,"column":8},"end":{"line":385,"column":9}},"loc":{"start":{"line":385,"column":41},"end":{"line":385,"column":65}},"line":385}},"branchMap":{"0":{"loc":{"start":{"line":33,"column":12},"end":{"line":35,"column":40}},"type":"binary-expr","locations":[{"start":{"line":33,"column":12},"end":{"line":33,"column":33}},{"start":{"line":34,"column":12},"end":{"line":34,"column":37}},{"start":{"line":35,"column":12},"end":{"line":35,"column":40}}],"line":33},"1":{"loc":{"start":{"line":56,"column":4},"end":{"line":60,"column":5}},"type":"if","locations":[{"start":{"line":56,"column":4},"end":{"line":60,"column":5}},{"start":{"line":58,"column":11},"end":{"line":60,"column":5}}],"line":56},"2":{"loc":{"start":{"line":212,"column":8},"end":{"line":212,"column":67}},"type":"cond-expr","locations":[{"start":{"line":212,"column":55},"end":{"line":212,"column":59}},{"start":{"line":212,"column":62},"end":{"line":212,"column":67}}],"line":212},"3":{"loc":{"start":{"line":223,"column":4},"end":{"line":229,"column":5}},"type":"if","locations":[{"start":{"line":223,"column":4},"end":{"line":229,"column":5}},{"start":{"line":225,"column":11},"end":{"line":229,"column":5}}],"line":223},"4":{"loc":{"start":{"line":225,"column":11},"end":{"line":229,"column":5}},"type":"if","locations":[{"start":{"line":225,"column":11},"end":{"line":229,"column":5}},{"start":{"line":227,"column":11},"end":{"line":229,"column":5}}],"line":225},"5":{"loc":{"start":{"line":288,"column":12},"end":{"line":288,"column":80}},"type":"cond-expr","locations":[{"start":{"line":288,"column":39},"end":{"line":288,"column":69}},{"start":{"line":288,"column":72},"end":{"line":288,"column":80}}],"line":288},"6":{"loc":{"start":{"line":312,"column":12},"end":{"line":314,"column":26}},"type":"cond-expr","locations":[{"start":{"line":313,"column":18},"end":{"line":313,"column":56}},{"start":{"line":314,"column":18},"end":{"line":314,"column":26}}],"line":312},"7":{"loc":{"start":{"line":319,"column":12},"end":{"line":322,"column":26}},"type":"cond-expr","locations":[{"start":{"line":321,"column":18},"end":{"line":321,"column":46}},{"start":{"line":322,"column":18},"end":{"line":322,"column":26}}],"line":319},"8":{"loc":{"start":{"line":319,"column":12},"end":{"line":320,"column":54}},"type":"binary-expr","locations":[{"start":{"line":319,"column":12},"end":{"line":319,"column":36}},{"start":{"line":320,"column":12},"end":{"line":320,"column":54}}],"line":319},"9":{"loc":{"start":{"line":350,"column":4},"end":{"line":366,"column":5}},"type":"if","locations":[{"start":{"line":350,"column":4},"end":{"line":366,"column":5}},{"start":{"line":358,"column":11},"end":{"line":366,"column":5}}],"line":350},"10":{"loc":{"start":{"line":353,"column":16},"end":{"line":355,"column":37}},"type":"cond-expr","locations":[{"start":{"line":354,"column":22},"end":{"line":354,"column":80}},{"start":{"line":355,"column":22},"end":{"line":355,"column":37}}],"line":353},"11":{"loc":{"start":{"line":353,"column":16},"end":{"line":353,"column":68}},"type":"binary-expr","locations":[{"start":{"line":353,"column":16},"end":{"line":353,"column":40}},{"start":{"line":353,"column":44},"end":{"line":353,"column":68}}],"line":353},"12":{"loc":{"start":{"line":361,"column":16},"end":{"line":363,"column":37}},"type":"cond-expr","locations":[{"start":{"line":362,"column":22},"end":{"line":362,"column":71}},{"start":{"line":363,"column":22},"end":{"line":363,"column":37}}],"line":361},"13":{"loc":{"start":{"line":361,"column":16},"end":{"line":361,"column":68}},"type":"binary-expr","locations":[{"start":{"line":361,"column":16},"end":{"line":361,"column":40}},{"start":{"line":361,"column":44},"end":{"line":361,"column":68}}],"line":361}},"s":{"0":5,"1":20,"2":5,"3":20,"4":5,"5":5,"6":20,"7":5,"8":20,"9":5,"10":11,"11":37,"12":11,"13":24,"14":11,"15":8,"16":3,"17":5,"18":17,"19":5,"20":17,"21":5,"22":5,"23":20,"24":5,"25":20,"26":5,"27":5,"28":20,"29":5,"30":20,"31":5,"32":5,"33":20,"34":5,"35":20,"36":5,"37":11,"38":5,"39":5,"40":20,"41":5,"42":20,"43":5,"44":5,"45":20,"46":5,"47":5,"48":20,"49":5,"50":6,"51":20,"52":6,"53":20,"54":6,"55":11,"56":6,"57":11,"58":6,"59":2,"60":4,"61":1,"62":3,"63":3,"64":6,"65":3,"66":3,"67":3,"68":10,"69":3,"70":10,"71":3,"72":4,"73":12,"74":4,"75":12,"76":4,"77":12,"78":4,"79":5,"80":2,"81":2,"82":2,"83":5,"84":3,"85":10,"86":3,"87":2,"88":8,"89":2,"90":3,"91":9,"92":3,"93":6,"94":3,"95":3},"f":{"0":5,"1":20,"2":20,"3":5,"4":20,"5":20,"6":11,"7":37,"8":24,"9":5,"10":17,"11":17,"12":5,"13":20,"14":20,"15":5,"16":20,"17":20,"18":5,"19":20,"20":20,"21":11,"22":5,"23":20,"24":20,"25":5,"26":20,"27":5,"28":20,"29":6,"30":20,"31":20,"32":11,"33":11,"34":3,"35":6,"36":3,"37":10,"38":10,"39":4,"40":12,"41":12,"42":12,"43":5,"44":2,"45":10,"46":8,"47":3,"48":9,"49":6},"b":{"0":[20,6,4],"1":[8,3],"2":[9,11],"3":[2,4],"4":[1,3],"5":[3,7],"6":[4,8],"7":[3,9],"8":[12,4],"9":[3,2],"10":[3,7],"11":[10,3],"12":[2,6],"13":[8,2]},"_coverageSchema":"1a1c01bbd47fc00a2c39e90264f33305004495a9","hash":"b8eb367da13958ab4a0751e63448c87377c4a904"}
,"/Users/jessicamanchak/tasks/src/objects.ts": {"path":"/Users/jessicamanchak/tasks/src/objects.ts","statementMap":{"0":{"start":{"line":13,"column":4},"end":{"line":22,"column":6}},"1":{"start":{"line":33,"column":4},"end":{"line":41,"column":5}},"2":{"start":{"line":38,"column":8},"end":{"line":38,"column":20}},"3":{"start":{"line":40,"column":8},"end":{"line":40,"column":21}},"4":{"start":{"line":51,"column":4},"end":{"line":63,"column":5}},"5":{"start":{"line":52,"column":8},"end":{"line":52,"column":20}},"6":{"start":{"line":53,"column":11},"end":{"line":63,"column":5}},"7":{"start":{"line":54,"column":25},"end":{"line":56,"column":9}},"8":{"start":{"line":55,"column":12},"end":{"line":55,"column":46}},"9":{"start":{"line":57,"column":27},"end":{"line":59,"column":9}},"10":{"start":{"line":58,"column":42},"end":{"line":58,"column":57}},"11":{"start":{"line":60,"column":8},"end":{"line":60,"column":26}},"12":{"start":{"line":62,"column":8},"end":{"line":62,"column":21}},"13":{"start":{"line":73,"column":19},"end":{"line":73,"column":45}},"14":{"start":{"line":74,"column":4},"end":{"line":74,"column":50}},"15":{"start":{"line":95,"column":4},"end":{"line":109,"column":5}},"16":{"start":{"line":96,"column":8},"end":{"line":96,"column":59}},"17":{"start":{"line":97,"column":11},"end":{"line":109,"column":5}},"18":{"start":{"line":99,"column":8},"end":{"line":106,"column":10}},"19":{"start":{"line":108,"column":8},"end":{"line":108,"column":18}},"20":{"start":{"line":117,"column":4},"end":{"line":117,"column":42}},"21":{"start":{"line":126,"column":4},"end":{"line":130,"column":5}},"22":{"start":{"line":127,"column":8},"end":{"line":127,"column":48}},"23":{"start":{"line":129,"column":8},"end":{"line":129,"column":49}},"24":{"start":{"line":140,"column":4},"end":{"line":145,"column":6}},"25":{"start":{"line":156,"column":4},"end":{"line":156,"column":70}},"26":{"start":{"line":173,"column":4},"end":{"line":182,"column":6}}},"fnMap":{"0":{"name":"makeBlankQuestion","decl":{"start":{"line":8,"column":16},"end":{"line":8,"column":33}},"loc":{"start":{"line":12,"column":12},"end":{"line":23,"column":1}},"line":12},"1":{"name":"isCorrect","decl":{"start":{"line":32,"column":16},"end":{"line":32,"column":25}},"loc":{"start":{"line":32,"column":71},"end":{"line":42,"column":1}},"line":32},"2":{"name":"isValid","decl":{"start":{"line":50,"column":16},"end":{"line":50,"column":23}},"loc":{"start":{"line":50,"column":69},"end":{"line":64,"column":1}},"line":50},"3":{"name":"(anonymous_3)","decl":{"start":{"line":54,"column":46},"end":{"line":54,"column":47}},"loc":{"start":{"line":55,"column":12},"end":{"line":55,"column":46}},"line":55},"4":{"name":"(anonymous_4)","decl":{"start":{"line":58,"column":12},"end":{"line":58,"column":13}},"loc":{"start":{"line":58,"column":42},"end":{"line":58,"column":57}},"line":58},"5":{"name":"toShortForm","decl":{"start":{"line":72,"column":16},"end":{"line":72,"column":27}},"loc":{"start":{"line":72,"column":56},"end":{"line":75,"column":1}},"line":72},"6":{"name":"toMarkdown","decl":{"start":{"line":94,"column":16},"end":{"line":94,"column":26}},"loc":{"start":{"line":94,"column":55},"end":{"line":110,"column":1}},"line":94},"7":{"name":"renameQuestion","decl":{"start":{"line":116,"column":16},"end":{"line":116,"column":30}},"loc":{"start":{"line":116,"column":78},"end":{"line":118,"column":1}},"line":116},"8":{"name":"publishQuestion","decl":{"start":{"line":125,"column":16},"end":{"line":125,"column":31}},"loc":{"start":{"line":125,"column":62},"end":{"line":131,"column":1}},"line":125},"9":{"name":"duplicateQuestion","decl":{"start":{"line":139,"column":16},"end":{"line":139,"column":33}},"loc":{"start":{"line":139,"column":79},"end":{"line":146,"column":1}},"line":139},"10":{"name":"addOption","decl":{"start":{"line":155,"column":16},"end":{"line":155,"column":25}},"loc":{"start":{"line":155,"column":75},"end":{"line":157,"column":1}},"line":155},"11":{"name":"mergeQuestion","decl":{"start":{"line":167,"column":16},"end":{"line":167,"column":29}},"loc":{"start":{"line":172,"column":12},"end":{"line":183,"column":1}},"line":172}},"branchMap":{"0":{"loc":{"start":{"line":33,"column":4},"end":{"line":41,"column":5}},"type":"if","locations":[{"start":{"line":33,"column":4},"end":{"line":41,"column":5}},{"start":{"line":39,"column":11},"end":{"line":41,"column":5}}],"line":33},"1":{"loc":{"start":{"line":34,"column":8},"end":{"line":36,"column":57}},"type":"binary-expr","locations":[{"start":{"line":34,"column":8},"end":{"line":34,"column":36}},{"start":{"line":35,"column":8},"end":{"line":35,"column":57}},{"start":{"line":36,"column":8},"end":{"line":36,"column":57}}],"line":34},"2":{"loc":{"start":{"line":51,"column":4},"end":{"line":63,"column":5}},"type":"if","locations":[{"start":{"line":51,"column":4},"end":{"line":63,"column":5}},{"start":{"line":53,"column":11},"end":{"line":63,"column":5}}],"line":51},"3":{"loc":{"start":{"line":53,"column":11},"end":{"line":63,"column":5}},"type":"if","locations":[{"start":{"line":53,"column":11},"end":{"line":63,"column":5}},{"start":{"line":61,"column":11},"end":{"line":63,"column":5}}],"line":53},"4":{"loc":{"start":{"line":55,"column":12},"end":{"line":55,"column":46}},"type":"cond-expr","locations":[{"start":{"line":55,"column":34},"end":{"line":55,"column":38}},{"start":{"line":55,"column":41},"end":{"line":55,"column":46}}],"line":55},"5":{"loc":{"start":{"line":95,"column":4},"end":{"line":109,"column":5}},"type":"if","locations":[{"start":{"line":95,"column":4},"end":{"line":109,"column":5}},{"start":{"line":97,"column":11},"end":{"line":109,"column":5}}],"line":95},"6":{"loc":{"start":{"line":97,"column":11},"end":{"line":109,"column":5}},"type":"if","locations":[{"start":{"line":97,"column":11},"end":{"line":109,"column":5}},{"start":{"line":107,"column":11},"end":{"line":109,"column":5}}],"line":97},"7":{"loc":{"start":{"line":126,"column":4},"end":{"line":130,"column":5}},"type":"if","locations":[{"start":{"line":126,"column":4},"end":{"line":130,"column":5}},{"start":{"line":128,"column":11},"end":{"line":130,"column":5}}],"line":126}},"s":{"0":3,"1":14,"2":6,"3":8,"4":18,"5":8,"6":10,"7":10,"8":30,"9":10,"10":24,"11":10,"12":0,"13":5,"14":5,"15":4,"16":2,"17":2,"18":2,"19":0,"20":2,"21":4,"22":2,"23":2,"24":2,"25":2,"26":2},"f":{"0":3,"1":14,"2":18,"3":30,"4":24,"5":5,"6":4,"7":2,"8":4,"9":2,"10":2,"11":2},"b":{"0":[6,8],"1":[14,10,9],"2":[8,10],"3":[10,0],"4":[6,24],"5":[2,2],"6":[2,0],"7":[2,2]},"_coverageSchema":"1a1c01bbd47fc00a2c39e90264f33305004495a9","hash":"11f2400e808cdf92ed765a7b0dcec56c6cba36c3"}
,"/Users/jessicamanchak/tasks/src/bad-components/ChooseTeam.tsx": {"path":"/Users/jessicamanchak/tasks/src/bad-components/ChooseTeam.tsx","statementMap":{"0":{"start":{"line":4,"column":15},"end":{"line":11,"column":1}},"1":{"start":{"line":14,"column":40},"end":{"line":14,"column":66}},"2":{"start":{"line":15,"column":28},"end":{"line":15,"column":50}},"3":{"start":{"line":18,"column":28},"end":{"line":18,"column":48}},"4":{"start":{"line":20,"column":8},"end":{"line":23,"column":9}},"5":{"start":{"line":21,"column":12},"end":{"line":21,"column":33}},"6":{"start":{"line":22,"column":12},"end":{"line":22,"column":38}},"7":{"start":{"line":27,"column":8},"end":{"line":27,"column":20}},"8":{"start":{"line":28,"column":8},"end":{"line":28,"column":34}},"9":{"start":{"line":31,"column":4},"end":{"line":57,"column":6}},"10":{"start":{"line":37,"column":24},"end":{"line":45,"column":30}},"11":{"start":{"line":40,"column":47},"end":{"line":40,"column":67}},"12":{"start":{"line":51,"column":24},"end":{"line":51,"column":54}}},"fnMap":{"0":{"name":"ChooseTeam","decl":{"start":{"line":13,"column":16},"end":{"line":13,"column":26}},"loc":{"start":{"line":13,"column":42},"end":{"line":58,"column":1}},"line":13},"1":{"name":"chooseMember","decl":{"start":{"line":17,"column":13},"end":{"line":17,"column":25}},"loc":{"start":{"line":17,"column":45},"end":{"line":24,"column":5}},"line":17},"2":{"name":"clearTeam","decl":{"start":{"line":26,"column":13},"end":{"line":26,"column":22}},"loc":{"start":{"line":26,"column":25},"end":{"line":29,"column":5}},"line":26},"3":{"name":"(anonymous_3)","decl":{"start":{"line":36,"column":36},"end":{"line":36,"column":37}},"loc":{"start":{"line":37,"column":24},"end":{"line":45,"column":30}},"line":37},"4":{"name":"(anonymous_4)","decl":{"start":{"line":40,"column":41},"end":{"line":40,"column":42}},"loc":{"start":{"line":40,"column":47},"end":{"line":40,"column":67}},"line":40},"5":{"name":"(anonymous_5)","decl":{"start":{"line":50,"column":30},"end":{"line":50,"column":31}},"loc":{"start":{"line":51,"column":24},"end":{"line":51,"column":54}},"line":51}},"branchMap":{"0":{"loc":{"start":{"line":20,"column":8},"end":{"line":23,"column":9}},"type":"if","locations":[{"start":{"line":20,"column":8},"end":{"line":23,"column":9}},{"start":{},"end":{}}],"line":20}},"s":{"0":2,"1":17,"2":17,"3":9,"4":9,"5":9,"6":9,"7":1,"8":1,"9":17,"10":102,"11":9,"12":15},"f":{"0":17,"1":9,"2":1,"3":102,"4":9,"5":15},"b":{"0":[9,0]},"_coverageSchema":"1a1c01bbd47fc00a2c39e90264f33305004495a9","hash":"358e726a7c7b2e905697a6bab85a9f52b4e2d951"}
,"/Users/jessicamanchak/tasks/src/bad-components/ColoredBox.tsx": {"path":"/Users/jessicamanchak/tasks/src/bad-components/ColoredBox.tsx","statementMap":{"0":{"start":{"line":4,"column":22},"end":{"line":4,"column":46}},"1":{"start":{"line":5,"column":28},"end":{"line":5,"column":29}},"2":{"start":{"line":16,"column":4},"end":{"line":16,"column":61}},"3":{"start":{"line":20,"column":4},"end":{"line":32,"column":6}},"4":{"start":{"line":36,"column":40},"end":{"line":36,"column":77}},"5":{"start":{"line":38,"column":24},"end":{"line":38,"column":77}},"6":{"start":{"line":38,"column":30},"end":{"line":38,"column":77}},"7":{"start":{"line":40,"column":4},"end":{"line":49,"column":6}}},"fnMap":{"0":{"name":"ChangeColor","decl":{"start":{"line":11,"column":9},"end":{"line":11,"column":20}},"loc":{"start":{"line":11,"column":69},"end":{"line":17,"column":1}},"line":11},"1":{"name":"ColorPreview","decl":{"start":{"line":19,"column":9},"end":{"line":19,"column":21}},"loc":{"start":{"line":19,"column":71},"end":{"line":33,"column":1}},"line":19},"2":{"name":"ColoredBox","decl":{"start":{"line":35,"column":16},"end":{"line":35,"column":26}},"loc":{"start":{"line":35,"column":42},"end":{"line":50,"column":1}},"line":35},"3":{"name":"(anonymous_3)","decl":{"start":{"line":38,"column":24},"end":{"line":38,"column":25}},"loc":{"start":{"line":38,"column":30},"end":{"line":38,"column":77}},"line":38}},"branchMap":{},"s":{"0":2,"1":2,"2":7,"3":7,"4":7,"5":7,"6":3,"7":7},"f":{"0":7,"1":7,"2":7,"3":3},"b":{},"_coverageSchema":"1a1c01bbd47fc00a2c39e90264f33305004495a9","hash":"0f8a41de5a3cfe5fbd19f6ff10424c9a4f83c089"}
,"/Users/jessicamanchak/tasks/src/bad-components/DoubleHalf.tsx": {"path":"/Users/jessicamanchak/tasks/src/bad-components/DoubleHalf.tsx","statementMap":{"0":{"start":{"line":11,"column":4},"end":{"line":11,"column":75}},"1":{"start":{"line":11,"column":34},"end":{"line":11,"column":57}},"2":{"start":{"line":15,"column":4},"end":{"line":15,"column":76}},"3":{"start":{"line":15,"column":34},"end":{"line":15,"column":59}},"4":{"start":{"line":19,"column":34},"end":{"line":19,"column":54}},"5":{"start":{"line":20,"column":4},"end":{"line":29,"column":6}}},"fnMap":{"0":{"name":"Doubler","decl":{"start":{"line":10,"column":9},"end":{"line":10,"column":16}},"loc":{"start":{"line":10,"column":72},"end":{"line":12,"column":1}},"line":10},"1":{"name":"(anonymous_1)","decl":{"start":{"line":11,"column":28},"end":{"line":11,"column":29}},"loc":{"start":{"line":11,"column":34},"end":{"line":11,"column":57}},"line":11},"2":{"name":"Halver","decl":{"start":{"line":14,"column":9},"end":{"line":14,"column":15}},"loc":{"start":{"line":14,"column":71},"end":{"line":16,"column":1}},"line":14},"3":{"name":"(anonymous_3)","decl":{"start":{"line":15,"column":28},"end":{"line":15,"column":29}},"loc":{"start":{"line":15,"column":34},"end":{"line":15,"column":59}},"line":15},"4":{"name":"DoubleHalf","decl":{"start":{"line":18,"column":16},"end":{"line":18,"column":26}},"loc":{"start":{"line":18,"column":42},"end":{"line":30,"column":1}},"line":18}},"branchMap":{},"s":{"0":14,"1":3,"2":14,"3":5,"4":14,"5":14},"f":{"0":14,"1":3,"2":14,"3":5,"4":14},"b":{},"_coverageSchema":"1a1c01bbd47fc00a2c39e90264f33305004495a9","hash":"e7b78d150c117c40b0ca46ea00566c5ba7a18772"}
,"/Users/jessicamanchak/tasks/src/bad-components/ShoveBox.tsx": {"path":"/Users/jessicamanchak/tasks/src/bad-components/ShoveBox.tsx","statementMap":{"0":{"start":{"line":11,"column":4},"end":{"line":15,"column":6}},"1":{"start":{"line":19,"column":4},"end":{"line":32,"column":6}},"2":{"start":{"line":36,"column":36},"end":{"line":36,"column":56}},"3":{"start":{"line":38,"column":18},"end":{"line":38,"column":49}},"4":{"start":{"line":38,"column":24},"end":{"line":38,"column":49}},"5":{"start":{"line":40,"column":4},"end":{"line":49,"column":6}}},"fnMap":{"0":{"name":"ShoveBoxButton","decl":{"start":{"line":4,"column":9},"end":{"line":4,"column":23}},"loc":{"start":{"line":10,"column":16},"end":{"line":16,"column":1}},"line":10},"1":{"name":"MoveableBox","decl":{"start":{"line":18,"column":9},"end":{"line":18,"column":20}},"loc":{"start":{"line":18,"column":76},"end":{"line":33,"column":1}},"line":18},"2":{"name":"ShoveBox","decl":{"start":{"line":35,"column":16},"end":{"line":35,"column":24}},"loc":{"start":{"line":35,"column":40},"end":{"line":50,"column":1}},"line":35},"3":{"name":"(anonymous_3)","decl":{"start":{"line":38,"column":18},"end":{"line":38,"column":19}},"loc":{"start":{"line":38,"column":24},"end":{"line":38,"column":49}},"line":38}},"branchMap":{},"s":{"0":7,"1":7,"2":7,"3":7,"4":3,"5":7},"f":{"0":7,"1":7,"2":7,"3":3},"b":{},"_coverageSchema":"1a1c01bbd47fc00a2c39e90264f33305004495a9","hash":"cb0a5e68bc96088f1cb35a753dd4dc33bdb3fe3f"}
,"/Users/jessicamanchak/tasks/src/components/ChangeType.tsx": {"path":"/Users/jessicamanchak/tasks/src/components/ChangeType.tsx","statementMap":{"0":{"start":{"line":6,"column":44},"end":{"line":8,"column":5}},"1":{"start":{"line":11,"column":8},"end":{"line":15,"column":10}},"2":{"start":{"line":18,"column":4},"end":{"line":34,"column":6}}},"fnMap":{"0":{"name":"ChangeType","decl":{"start":{"line":5,"column":16},"end":{"line":5,"column":26}},"loc":{"start":{"line":5,"column":42},"end":{"line":35,"column":1}},"line":5},"1":{"name":"flipQuestionType","decl":{"start":{"line":10,"column":13},"end":{"line":10,"column":29}},"loc":{"start":{"line":10,"column":38},"end":{"line":16,"column":5}},"line":10}},"branchMap":{"0":{"loc":{"start":{"line":12,"column":12},"end":{"line":14,"column":41}},"type":"cond-expr","locations":[{"start":{"line":13,"column":18},"end":{"line":13,"column":44}},{"start":{"line":14,"column":18},"end":{"line":14,"column":41}}],"line":12},"1":{"loc":{"start":{"line":24,"column":17},"end":{"line":28,"column":17}},"type":"cond-expr","locations":[{"start":{"line":25,"column":20},"end":{"line":25,"column":45}},{"start":{"line":27,"column":20},"end":{"line":27,"column":48}}],"line":24}},"s":{"0":9,"1":3,"2":9},"f":{"0":9,"1":3},"b":{"0":[2,1],"1":[7,2]},"_coverageSchema":"1a1c01bbd47fc00a2c39e90264f33305004495a9","hash":"c1dbb5539f0012c826bacee187782a384ed81e04"}
,"/Users/jessicamanchak/tasks/src/components/Counter.tsx": {"path":"/Users/jessicamanchak/tasks/src/components/Counter.tsx","statementMap":{"0":{"start":{"line":5,"column":30},"end":{"line":5,"column":49}},"1":{"start":{"line":6,"column":4},"end":{"line":11,"column":6}},"2":{"start":{"line":8,"column":35},"end":{"line":8,"column":54}}},"fnMap":{"0":{"name":"Counter","decl":{"start":{"line":4,"column":16},"end":{"line":4,"column":23}},"loc":{"start":{"line":4,"column":39},"end":{"line":12,"column":1}},"line":4},"1":{"name":"(anonymous_1)","decl":{"start":{"line":8,"column":29},"end":{"line":8,"column":30}},"loc":{"start":{"line":8,"column":35},"end":{"line":8,"column":54}},"line":8}},"branchMap":{},"s":{"0":9,"1":9,"2":3},"f":{"0":9,"1":3},"b":{},"_coverageSchema":"1a1c01bbd47fc00a2c39e90264f33305004495a9","hash":"33341b8e4262a0f27d422234e4f559d79ea79f18"}
,"/Users/jessicamanchak/tasks/src/components/CycleHoliday.tsx": {"path":"/Users/jessicamanchak/tasks/src/components/CycleHoliday.tsx","statementMap":{"0":{"start":{"line":6,"column":55},"end":{"line":12,"column":1}},"1":{"start":{"line":14,"column":57},"end":{"line":20,"column":1}},"2":{"start":{"line":23,"column":34},"end":{"line":23,"column":57}},"3":{"start":{"line":26,"column":29},"end":{"line":26,"column":58}},"4":{"start":{"line":27,"column":8},"end":{"line":27,"column":33}},"5":{"start":{"line":31,"column":29},"end":{"line":31,"column":60}},"6":{"start":{"line":32,"column":8},"end":{"line":32,"column":33}},"7":{"start":{"line":35,"column":4},"end":{"line":44,"column":6}}},"fnMap":{"0":{"name":"CycleHoliday","decl":{"start":{"line":22,"column":16},"end":{"line":22,"column":28}},"loc":{"start":{"line":22,"column":44},"end":{"line":45,"column":1}},"line":22},"1":{"name":"changeByAlphabet","decl":{"start":{"line":25,"column":13},"end":{"line":25,"column":29}},"loc":{"start":{"line":25,"column":38},"end":{"line":28,"column":5}},"line":25},"2":{"name":"changeByYear","decl":{"start":{"line":30,"column":13},"end":{"line":30,"column":25}},"loc":{"start":{"line":30,"column":34},"end":{"line":33,"column":5}},"line":30}},"branchMap":{},"s":{"0":2,"1":2,"2":17,"3":6,"4":6,"5":6,"6":6,"7":17},"f":{"0":17,"1":6,"2":6},"b":{},"_coverageSchema":"1a1c01bbd47fc00a2c39e90264f33305004495a9","hash":"71dc8b621fd46fb863ebfa4aa3cddd5984bd0f30"}
,"/Users/jessicamanchak/tasks/src/components/RevealAnswer.tsx": {"path":"/Users/jessicamanchak/tasks/src/components/RevealAnswer.tsx","statementMap":{"0":{"start":{"line":5,"column":34},"end":{"line":5,"column":58}},"1":{"start":{"line":8,"column":8},"end":{"line":8,"column":29}},"2":{"start":{"line":10,"column":4},"end":{"line":18,"column":6}}},"fnMap":{"0":{"name":"RevealAnswer","decl":{"start":{"line":4,"column":16},"end":{"line":4,"column":28}},"loc":{"start":{"line":4,"column":44},"end":{"line":19,"column":1}},"line":4},"1":{"name":"flipVisibility","decl":{"start":{"line":7,"column":13},"end":{"line":7,"column":27}},"loc":{"start":{"line":7,"column":36},"end":{"line":9,"column":5}},"line":7}},"branchMap":{"0":{"loc":{"start":{"line":15,"column":17},"end":{"line":15,"column":41}},"type":"binary-expr","locations":[{"start":{"line":15,"column":17},"end":{"line":15,"column":24}},{"start":{"line":15,"column":28},"end":{"line":15,"column":41}}],"line":15}},"s":{"0":8,"1":3,"2":8},"f":{"0":8,"1":3},"b":{"0":[8,2]},"_coverageSchema":"1a1c01bbd47fc00a2c39e90264f33305004495a9","hash":"ee49b913c1020412f1e9ec87b97cd288891727fd"}
,"/Users/jessicamanchak/tasks/src/components/StartAttempt.tsx": {"path":"/Users/jessicamanchak/tasks/src/components/StartAttempt.tsx","statementMap":{"0":{"start":{"line":5,"column":44},"end":{"line":5,"column":68}},"1":{"start":{"line":6,"column":41},"end":{"line":6,"column":60}},"2":{"start":{"line":9,"column":8},"end":{"line":11,"column":10}},"3":{"start":{"line":15,"column":8},"end":{"line":15,"column":39}},"4":{"start":{"line":16,"column":8},"end":{"line":16,"column":28}},"5":{"start":{"line":19,"column":4},"end":{"line":46,"column":6}},"6":{"start":{"line":30,"column":35},"end":{"line":30,"column":57}},"7":{"start":{"line":38,"column":35},"end":{"line":38,"column":65}}},"fnMap":{"0":{"name":"StartAttempt","decl":{"start":{"line":4,"column":16},"end":{"line":4,"column":28}},"loc":{"start":{"line":4,"column":44},"end":{"line":47,"column":1}},"line":4},"1":{"name":"changeNumAttempts","decl":{"start":{"line":8,"column":13},"end":{"line":8,"column":30}},"loc":{"start":{"line":8,"column":39},"end":{"line":12,"column":5}},"line":8},"2":{"name":"changeQuizProgress","decl":{"start":{"line":14,"column":13},"end":{"line":14,"column":31}},"loc":{"start":{"line":14,"column":40},"end":{"line":17,"column":5}},"line":14},"3":{"name":"(anonymous_3)","decl":{"start":{"line":30,"column":29},"end":{"line":30,"column":30}},"loc":{"start":{"line":30,"column":35},"end":{"line":30,"column":57}},"line":30},"4":{"name":"(anonymous_4)","decl":{"start":{"line":38,"column":29},"end":{"line":38,"column":30}},"loc":{"start":{"line":38,"column":35},"end":{"line":38,"column":65}},"line":38}},"branchMap":{"0":{"loc":{"start":{"line":10,"column":12},"end":{"line":10,"column":77}},"type":"cond-expr","locations":[{"start":{"line":10,"column":46},"end":{"line":10,"column":60}},{"start":{"line":10,"column":63},"end":{"line":10,"column":77}}],"line":10},"1":{"loc":{"start":{"line":10,"column":12},"end":{"line":10,"column":43}},"type":"binary-expr","locations":[{"start":{"line":10,"column":12},"end":{"line":10,"column":25}},{"start":{"line":10,"column":29},"end":{"line":10,"column":43}}],"line":10},"2":{"loc":{"start":{"line":25,"column":30},"end":{"line":25,"column":62}},"type":"binary-expr","locations":[{"start":{"line":25,"column":30},"end":{"line":25,"column":42}},{"start":{"line":25,"column":46},"end":{"line":25,"column":62}}],"line":25}},"s":{"0":65,"1":65,"2":16,"3":16,"4":16,"5":65,"6":12,"7":10},"f":{"0":65,"1":16,"2":16,"3":12,"4":10},"b":{"0":[16,0],"1":[16,16],"2":[65,49]},"_coverageSchema":"1a1c01bbd47fc00a2c39e90264f33305004495a9","hash":"63278196a642f59695478faa308f3b39310b4da9"}
,"/Users/jessicamanchak/tasks/src/components/TwoDice.tsx": {"path":"/Users/jessicamanchak/tasks/src/components/TwoDice.tsx","statementMap":{"0":{"start":{"line":11,"column":4},"end":{"line":11,"column":45}},"1":{"start":{"line":15,"column":31},"end":{"line":15,"column":50}},"2":{"start":{"line":16,"column":33},"end":{"line":16,"column":52}},"3":{"start":{"line":19,"column":8},"end":{"line":19,"column":23}},"4":{"start":{"line":23,"column":8},"end":{"line":23,"column":24}},"5":{"start":{"line":26,"column":4},"end":{"line":49,"column":6}}},"fnMap":{"0":{"name":"d6","decl":{"start":{"line":10,"column":16},"end":{"line":10,"column":18}},"loc":{"start":{"line":10,"column":29},"end":{"line":12,"column":1}},"line":10},"1":{"name":"TwoDice","decl":{"start":{"line":14,"column":16},"end":{"line":14,"column":23}},"loc":{"start":{"line":14,"column":39},"end":{"line":50,"column":1}},"line":14},"2":{"name":"rollLeftDie","decl":{"start":{"line":18,"column":13},"end":{"line":18,"column":24}},"loc":{"start":{"line":18,"column":33},"end":{"line":20,"column":5}},"line":18},"3":{"name":"rollRightDie","decl":{"start":{"line":22,"column":13},"end":{"line":22,"column":25}},"loc":{"start":{"line":22,"column":34},"end":{"line":24,"column":5}},"line":22}},"branchMap":{"0":{"loc":{"start":{"line":40,"column":17},"end":{"line":46,"column":17}},"type":"cond-expr","locations":[{"start":{"line":41,"column":20},"end":{"line":41,"column":37}},{"start":{"line":42,"column":20},"end":{"line":46,"column":17}}],"line":40},"1":{"loc":{"start":{"line":40,"column":17},"end":{"line":40,"column":42}},"type":"binary-expr","locations":[{"start":{"line":40,"column":17},"end":{"line":40,"column":27}},{"start":{"line":40,"column":31},"end":{"line":40,"column":42}}],"line":40},"2":{"loc":{"start":{"line":42,"column":20},"end":{"line":46,"column":17}},"type":"cond-expr","locations":[{"start":{"line":43,"column":20},"end":{"line":43,"column":36}},{"start":{"line":45,"column":20},"end":{"line":45,"column":43}}],"line":42}},"s":{"0":17,"1":26,"2":26,"3":8,"4":9,"5":26},"f":{"0":17,"1":26,"2":8,"3":9},"b":{"0":[1,25],"1":[26,9],"2":[1,24]},"_coverageSchema":"1a1c01bbd47fc00a2c39e90264f33305004495a9","hash":"acf0f264006ce1fdeddeca71a9f0dc598c0a1c01"}
,"/Users/jessicamanchak/tasks/src/form-components/ChangeColor.tsx": {"path":"/Users/jessicamanchak/tasks/src/form-components/ChangeColor.tsx","statementMap":{"0":{"start":{"line":5,"column":30},"end":{"line":5,"column":54}},"1":{"start":{"line":6,"column":23},"end":{"line":15,"column":5}},"2":{"start":{"line":18,"column":8},"end":{"line":18,"column":37}},"3":{"start":{"line":21,"column":4},"end":{"line":52,"column":6}},"4":{"start":{"line":26,"column":20},"end":{"line":35,"column":22}}},"fnMap":{"0":{"name":"ChangeColor","decl":{"start":{"line":4,"column":16},"end":{"line":4,"column":27}},"loc":{"start":{"line":4,"column":43},"end":{"line":53,"column":1}},"line":4},"1":{"name":"updateColor","decl":{"start":{"line":17,"column":13},"end":{"line":17,"column":24}},"loc":{"start":{"line":17,"column":69},"end":{"line":19,"column":5}},"line":17},"2":{"name":"(anonymous_2)","decl":{"start":{"line":25,"column":32},"end":{"line":25,"column":33}},"loc":{"start":{"line":26,"column":20},"end":{"line":35,"column":22}},"line":26}},"branchMap":{},"s":{"0":7,"1":7,"2":4,"3":7,"4":56},"f":{"0":7,"1":4,"2":56},"b":{},"_coverageSchema":"1a1c01bbd47fc00a2c39e90264f33305004495a9","hash":"76fd9c158b97c3ffc28c745b5ab42ae7742fecf0"}
,"/Users/jessicamanchak/tasks/src/form-components/CheckAnswer.tsx": {"path":"/Users/jessicamanchak/tasks/src/form-components/CheckAnswer.tsx","statementMap":{"0":{"start":{"line":9,"column":42},"end":{"line":9,"column":62}},"1":{"start":{"line":12,"column":8},"end":{"line":12,"column":43}},"2":{"start":{"line":15,"column":4},"end":{"line":30,"column":6}}},"fnMap":{"0":{"name":"CheckAnswer","decl":{"start":{"line":4,"column":16},"end":{"line":4,"column":27}},"loc":{"start":{"line":8,"column":16},"end":{"line":31,"column":1}},"line":8},"1":{"name":"updateAnswer","decl":{"start":{"line":11,"column":13},"end":{"line":11,"column":25}},"loc":{"start":{"line":11,"column":70},"end":{"line":13,"column":5}},"line":11}},"branchMap":{"0":{"loc":{"start":{"line":21,"column":21},"end":{"line":25,"column":21}},"type":"cond-expr","locations":[{"start":{"line":22,"column":24},"end":{"line":22,"column":39}},{"start":{"line":24,"column":24},"end":{"line":24,"column":38}}],"line":21}},"s":{"0":18,"1":11,"2":18},"f":{"0":18,"1":11},"b":{"0":[2,16]},"_coverageSchema":"1a1c01bbd47fc00a2c39e90264f33305004495a9","hash":"e070164298eff7e6dabc5c48ff92d3e2dab71f71"}
,"/Users/jessicamanchak/tasks/src/form-components/EditMode.tsx": {"path":"/Users/jessicamanchak/tasks/src/form-components/EditMode.tsx","statementMap":{"0":{"start":{"line":5,"column":36},"end":{"line":5,"column":65}},"1":{"start":{"line":6,"column":38},"end":{"line":6,"column":61}},"2":{"start":{"line":7,"column":36},"end":{"line":7,"column":60}},"3":{"start":{"line":10,"column":8},"end":{"line":10,"column":42}},"4":{"start":{"line":14,"column":8},"end":{"line":14,"column":43}},"5":{"start":{"line":18,"column":8},"end":{"line":18,"column":40}},"6":{"start":{"line":21,"column":4},"end":{"line":62,"column":6}}},"fnMap":{"0":{"name":"EditMode","decl":{"start":{"line":4,"column":16},"end":{"line":4,"column":24}},"loc":{"start":{"line":4,"column":40},"end":{"line":63,"column":1}},"line":4},"1":{"name":"updateMode","decl":{"start":{"line":9,"column":13},"end":{"line":9,"column":23}},"loc":{"start":{"line":9,"column":68},"end":{"line":11,"column":5}},"line":9},"2":{"name":"updateStudent","decl":{"start":{"line":13,"column":13},"end":{"line":13,"column":26}},"loc":{"start":{"line":13,"column":71},"end":{"line":15,"column":5}},"line":13},"3":{"name":"updateName","decl":{"start":{"line":17,"column":13},"end":{"line":17,"column":23}},"loc":{"start":{"line":17,"column":68},"end":{"line":19,"column":5}},"line":17}},"branchMap":{"0":{"loc":{"start":{"line":31,"column":13},"end":{"line":60,"column":13}},"type":"cond-expr","locations":[{"start":{"line":32,"column":16},"end":{"line":49,"column":29}},{"start":{"line":50,"column":16},"end":{"line":60,"column":13}}],"line":31},"1":{"loc":{"start":{"line":43,"column":25},"end":{"line":47,"column":25}},"type":"cond-expr","locations":[{"start":{"line":44,"column":28},"end":{"line":44,"column":64}},{"start":{"line":46,"column":28},"end":{"line":46,"column":68}}],"line":43},"2":{"loc":{"start":{"line":50,"column":16},"end":{"line":60,"column":13}},"type":"cond-expr","locations":[{"start":{"line":51,"column":16},"end":{"line":51,"column":52}},{"start":{"line":52,"column":16},"end":{"line":60,"column":13}}],"line":50},"3":{"loc":{"start":{"line":52,"column":16},"end":{"line":60,"column":13}},"type":"cond-expr","locations":[{"start":{"line":53,"column":16},"end":{"line":55,"column":22}},{"start":{"line":56,"column":16},"end":{"line":60,"column":13}}],"line":52},"4":{"loc":{"start":{"line":56,"column":16},"end":{"line":60,"column":13}},"type":"cond-expr","locations":[{"start":{"line":57,"column":16},"end":{"line":57,"column":52}},{"start":{"line":59,"column":16},"end":{"line":59,"column":56}}],"line":56},"5":{"loc":{"start":{"line":56,"column":16},"end":{"line":56,"column":56}},"type":"binary-expr","locations":[{"start":{"line":56,"column":16},"end":{"line":56,"column":34}},{"start":{"line":56,"column":38},"end":{"line":56,"column":56}}],"line":56}},"s":{"0":37,"1":37,"2":37,"3":5,"4":3,"5":23,"6":37},"f":{"0":37,"1":5,"2":3,"3":23},"b":{"0":[29,8],"1":[27,2],"2":[7,1],"3":[1,0],"4":[0,0],"5":[0,0]},"_coverageSchema":"1a1c01bbd47fc00a2c39e90264f33305004495a9","hash":"346d72315aa00921fe03ec5d85029bcd4a3e74ed"}
,"/Users/jessicamanchak/tasks/src/form-components/GiveAttempts.tsx": {"path":"/Users/jessicamanchak/tasks/src/form-components/GiveAttempts.tsx","statementMap":{"0":{"start":{"line":5,"column":42},"end":{"line":5,"column":61}},"1":{"start":{"line":6,"column":36},"end":{"line":6,"column":57}},"2":{"start":{"line":9,"column":8},"end":{"line":9,"column":40}},"3":{"start":{"line":12,"column":8},"end":{"line":17,"column":9}},"4":{"start":{"line":13,"column":24},"end":{"line":13,"column":37}},"5":{"start":{"line":14,"column":12},"end":{"line":14,"column":46}},"6":{"start":{"line":16,"column":12},"end":{"line":16,"column":40}},"7":{"start":{"line":20,"column":4},"end":{"line":40,"column":6}},"8":{"start":{"line":33,"column":31},"end":{"line":33,"column":62}},"9":{"start":{"line":38,"column":35},"end":{"line":38,"column":55}}},"fnMap":{"0":{"name":"GiveAttempts","decl":{"start":{"line":4,"column":16},"end":{"line":4,"column":28}},"loc":{"start":{"line":4,"column":44},"end":{"line":41,"column":1}},"line":4},"1":{"name":"updateReq","decl":{"start":{"line":8,"column":13},"end":{"line":8,"column":22}},"loc":{"start":{"line":8,"column":67},"end":{"line":10,"column":5}},"line":8},"2":{"name":"updateGain","decl":{"start":{"line":11,"column":13},"end":{"line":11,"column":23}},"loc":{"start":{"line":11,"column":37},"end":{"line":18,"column":5}},"line":11},"3":{"name":"(anonymous_3)","decl":{"start":{"line":33,"column":25},"end":{"line":33,"column":26}},"loc":{"start":{"line":33,"column":31},"end":{"line":33,"column":62}},"line":33},"4":{"name":"(anonymous_4)","decl":{"start":{"line":38,"column":29},"end":{"line":38,"column":30}},"loc":{"start":{"line":38,"column":35},"end":{"line":38,"column":55}},"line":38}},"branchMap":{"0":{"loc":{"start":{"line":12,"column":8},"end":{"line":17,"column":9}},"type":"if","locations":[{"start":{"line":12,"column":8},"end":{"line":17,"column":9}},{"start":{"line":15,"column":15},"end":{"line":17,"column":9}}],"line":12}},"s":{"0":18,"1":18,"2":6,"3":3,"4":2,"5":2,"6":1,"7":18,"8":3,"9":3},"f":{"0":18,"1":6,"2":3,"3":3,"4":3},"b":{"0":[2,1]},"_coverageSchema":"1a1c01bbd47fc00a2c39e90264f33305004495a9","hash":"54590f4ed0129c96b61c8981bc7d39ff9e4ee1c6"}
,"/Users/jessicamanchak/tasks/src/form-components/MultipleChoiceQuestion.tsx": {"path":"/Users/jessicamanchak/tasks/src/form-components/MultipleChoiceQuestion.tsx","statementMap":{"0":{"start":{"line":11,"column":32},"end":{"line":11,"column":60}},"1":{"start":{"line":14,"column":8},"end":{"line":14,"column":38}},"2":{"start":{"line":17,"column":4},"end":{"line":36,"column":6}},"3":{"start":{"line":24,"column":24},"end":{"line":26,"column":33}}},"fnMap":{"0":{"name":"MultipleChoiceQuestion","decl":{"start":{"line":4,"column":16},"end":{"line":4,"column":38}},"loc":{"start":{"line":10,"column":16},"end":{"line":37,"column":1}},"line":10},"1":{"name":"updateChoice","decl":{"start":{"line":13,"column":13},"end":{"line":13,"column":25}},"loc":{"start":{"line":13,"column":71},"end":{"line":15,"column":5}},"line":13},"2":{"name":"(anonymous_2)","decl":{"start":{"line":23,"column":33},"end":{"line":23,"column":34}},"loc":{"start":{"line":24,"column":24},"end":{"line":26,"column":33}},"line":24}},"branchMap":{"0":{"loc":{"start":{"line":33,"column":17},"end":{"line":33,"column":77}},"type":"cond-expr","locations":[{"start":{"line":33,"column":45},"end":{"line":33,"column":60}},{"start":{"line":33,"column":63},"end":{"line":33,"column":77}}],"line":33}},"s":{"0":11,"1":5,"2":11,"3":31},"f":{"0":11,"1":5,"2":31},"b":{"0":[4,7]},"_coverageSchema":"1a1c01bbd47fc00a2c39e90264f33305004495a9","hash":"c8294e681bfc65e3eb70e7e885e567bec55c2893"}
,"/Users/jessicamanchak/tasks/src/interfaces/answer.ts": {"path":"/Users/jessicamanchak/tasks/src/interfaces/answer.ts","statementMap":{},"fnMap":{},"branchMap":{},"s":{},"f":{},"b":{}}
,"/Users/jessicamanchak/tasks/src/interfaces/question.ts": {"path":"/Users/jessicamanchak/tasks/src/interfaces/question.ts","statementMap":{},"fnMap":{},"branchMap":{},"s":{},"f":{},"b":{}}
}
