TN:
SF:src/App.tsx
FN:19,App
FNF:1
FNH:1
FNDA:1,App
DA:20,1
LF:1
LH:1
BRF:0
BRH:0
end_of_record
TN:
SF:src/arrays.ts
FN:7,bookEndList
FN:28,tripleNumbers
FN:29,(anonymous_2)
FN:37,stringsToIntegers
FN:38,(anonymous_4)
FN:52,(anonymous_5)
FN:53,(anonymous_6)
FN:59,(anonymous_7)
FN:71,(anonymous_8)
FN:73,(anonymous_9)
FN:77,(anonymous_10)
FN:88,countShortWords
FN:90,(anonymous_12)
FN:93,(anonymous_13)
FN:103,allRGB
FN:104,(anonymous_15)
FN:111,(anonymous_16)
FN:124,makeMath
FN:126,(anonymous_18)
FN:130,(anonymous_19)
FN:152,injectPositive
FN:155,(anonymous_21)
FN:159,(anonymous_22)
FN:170,(anonymous_23)
FNF:24
FNH:24
FNDA:6,bookEndList
FNDA:6,tripleNumbers
FNDA:17,(anonymous_2)
FNDA:7,stringsToIntegers
FNDA:18,(anonymous_4)
FNDA:8,(anonymous_5)
FNDA:22,(anonymous_6)
FNDA:22,(anonymous_7)
FNDA:6,(anonymous_8)
FNDA:20,(anonymous_9)
FNDA:15,(anonymous_10)
FNDA:6,countShortWords
FNDA:22,(anonymous_12)
FNDA:12,(anonymous_13)
FNDA:9,allRGB
FNDA:21,(anonymous_15)
FNDA:19,(anonymous_16)
FNDA:5,makeMath
FNDA:12,(anonymous_18)
FNDA:12,(anonymous_19)
FNDA:7,injectPositive
FNDA:17,(anonymous_21)
FNDA:12,(anonymous_22)
FNDA:6,(anonymous_23)
DA:8,6
DA:9,6
DA:10,0
DA:12,6
DA:13,1
DA:15,6
DA:16,5
DA:17,5
DA:18,5
DA:21,6
DA:29,17
DA:30,6
DA:38,7
DA:39,18
DA:42,7
DA:52,1
DA:53,8
DA:54,22
DA:59,8
DA:60,22
DA:63,8
DA:71,1
DA:72,6
DA:74,20
DA:77,6
DA:78,15
DA:81,6
DA:89,6
DA:90,22
DA:93,12
DA:95,6
DA:104,9
DA:105,21
DA:110,9
DA:111,19
DA:114,9
DA:125,5
DA:126,12
DA:130,5
DA:131,12
DA:135,5
DA:136,1
DA:138,4
DA:139,4
DA:153,7
DA:155,17
DA:157,7
DA:158,5
DA:159,12
DA:163,5
DA:164,5
DA:165,2
DA:166,1
DA:167,1
DA:169,1
DA:170,6
DA:173,1
DA:174,1
LF:58
LH:57
BRDA:9,0,0,0
BRDA:9,0,1,6
BRDA:12,1,0,1
BRDA:12,1,1,5
BRDA:15,2,0,5
BRDA:15,2,1,1
BRDA:39,3,0,12
BRDA:39,3,1,6
BRDA:54,4,0,15
BRDA:54,4,1,7
BRDA:60,5,0,15
BRDA:60,5,1,7
BRDA:78,6,0,7
BRDA:78,6,1,8
BRDA:105,7,0,16
BRDA:105,7,1,5
BRDA:105,8,0,21
BRDA:105,8,1,12
BRDA:105,8,2,9
BRDA:105,8,3,5
BRDA:135,9,0,1
BRDA:135,9,1,4
BRDA:157,10,0,5
BRDA:157,10,1,2
BRDA:165,11,0,1
BRDA:165,11,1,1
BRF:26
BRH:25
end_of_record
TN:
SF:src/functions.ts
FN:6,fahrenheitToCelius
FN:14,add3
FN:33,shout
FN:41,isQuestion
FN:51,convertYesNo
FNF:5
FNH:5
FNDA:7,fahrenheitToCelius
FNDA:6,add3
FNDA:6,shout
FNDA:7,isQuestion
FNDA:9,convertYesNo
DA:7,7
DA:16,6
DA:17,6
DA:18,4
DA:20,6
DA:21,3
DA:23,6
DA:24,4
DA:26,6
DA:34,6
DA:42,7
DA:43,7
DA:52,9
DA:53,2
DA:54,7
DA:55,2
DA:57,5
LF:17
LH:17
BRDA:17,0,0,4
BRDA:17,0,1,2
BRDA:20,1,0,3
BRDA:20,1,1,3
BRDA:23,2,0,4
BRDA:23,2,1,2
BRDA:43,3,0,3
BRDA:43,3,1,4
BRDA:52,4,0,2
BRDA:52,4,1,7
BRDA:52,5,0,9
BRDA:52,5,1,8
BRDA:54,6,0,2
BRDA:54,6,1,5
BRDA:54,7,0,7
BRDA:54,7,1,6
BRF:16
BRH:16
end_of_record
TN:
SF:src/nested.ts
FN:8,getPublishedQuestions
FN:10,(anonymous_1)
FN:13,(anonymous_2)
FN:23,getNonEmptyQuestions
FN:25,(anonymous_4)
FN:32,(anonymous_5)
FN:44,findQuestion
FN:49,(anonymous_7)
FN:53,(anonymous_8)
FN:67,removeQuestion
FN:69,(anonymous_10)
FN:73,(anonymous_11)
FN:83,getNames
FN:85,(anonymous_13)
FN:89,(anonymous_14)
FN:98,sumPoints
FN:100,(anonymous_16)
FN:104,(anonymous_17)
FN:114,sumPublishedPoints
FN:116,(anonymous_19)
FN:120,(anonymous_20)
FN:124,(anonymous_21)
FN:149,toCSV
FN:151,(anonymous_23)
FN:156,(anonymous_24)
FN:177,makeAnswers
FN:179,(anonymous_26)
FN:194,publishAll
FN:196,(anonymous_28)
FN:206,sameType
FN:208,(anonymous_30)
FN:211,(anonymous_31)
FN:216,(anonymous_32)
FN:220,(anonymous_33)
FN:246,addNewQuestion
FN:253,(anonymous_35)
FN:277,renameQuestionById
FN:283,(anonymous_37)
FN:287,(anonymous_38)
FN:301,changeQuestionTypeById
FN:307,(anonymous_40)
FN:311,(anonymous_41)
FN:318,(anonymous_42)
FN:338,editOption
FN:344,(anonymous_44)
FN:352,(anonymous_45)
FN:360,(anonymous_46)
FN:375,duplicateQuestionInArray
FN:381,(anonymous_48)
FN:385,(anonymous_49)
FNF:50
FNH:50
FNDA:5,getPublishedQuestions
FNDA:20,(anonymous_1)
FNDA:20,(anonymous_2)
FNDA:5,getNonEmptyQuestions
FNDA:20,(anonymous_4)
FNDA:20,(anonymous_5)
FNDA:11,findQuestion
FNDA:37,(anonymous_7)
FNDA:24,(anonymous_8)
FNDA:5,removeQuestion
FNDA:17,(anonymous_10)
FNDA:17,(anonymous_11)
FNDA:5,getNames
FNDA:20,(anonymous_13)
FNDA:20,(anonymous_14)
FNDA:5,sumPoints
FNDA:20,(anonymous_16)
FNDA:20,(anonymous_17)
FNDA:5,sumPublishedPoints
FNDA:20,(anonymous_19)
FNDA:20,(anonymous_20)
FNDA:11,(anonymous_21)
FNDA:5,toCSV
FNDA:20,(anonymous_23)
FNDA:20,(anonymous_24)
FNDA:5,makeAnswers
FNDA:20,(anonymous_26)
FNDA:5,publishAll
FNDA:20,(anonymous_28)
FNDA:6,sameType
FNDA:20,(anonymous_30)
FNDA:20,(anonymous_31)
FNDA:11,(anonymous_32)
FNDA:11,(anonymous_33)
FNDA:3,addNewQuestion
FNDA:6,(anonymous_35)
FNDA:3,renameQuestionById
FNDA:10,(anonymous_37)
FNDA:10,(anonymous_38)
FNDA:4,changeQuestionTypeById
FNDA:12,(anonymous_40)
FNDA:12,(anonymous_41)
FNDA:12,(anonymous_42)
FNDA:5,editOption
FNDA:2,(anonymous_44)
FNDA:10,(anonymous_45)
FNDA:8,(anonymous_46)
FNDA:3,duplicateQuestionInArray
FNDA:9,(anonymous_48)
FNDA:6,(anonymous_49)
DA:9,5
DA:10,20
DA:12,5
DA:13,20
DA:15,5
DA:24,5
DA:25,20
DA:31,5
DA:33,20
DA:37,5
DA:48,11
DA:49,37
DA:52,11
DA:53,24
DA:56,11
DA:57,8
DA:59,3
DA:68,5
DA:69,17
DA:72,5
DA:73,17
DA:76,5
DA:84,5
DA:85,20
DA:88,5
DA:89,20
DA:92,5
DA:99,5
DA:100,20
DA:103,5
DA:105,20
DA:108,5
DA:115,5
DA:116,20
DA:119,5
DA:120,20
DA:123,5
DA:125,11
DA:129,5
DA:150,5
DA:151,20
DA:154,5
DA:157,20
DA:169,5
DA:178,5
DA:179,20
DA:187,5
DA:195,5
DA:196,20
DA:199,5
DA:207,6
DA:208,20
DA:211,6
DA:212,20
DA:215,6
DA:216,11
DA:219,6
DA:220,11
DA:223,6
DA:224,2
DA:225,4
DA:226,1
DA:228,3
DA:252,3
DA:253,6
DA:255,3
DA:269,3
DA:282,3
DA:283,10
DA:286,3
DA:288,10
DA:291,3
DA:306,4
DA:307,12
DA:310,4
DA:312,12
DA:317,4
DA:319,12
DA:325,4
DA:344,5
DA:345,2
DA:346,2
DA:347,2
DA:350,5
DA:351,3
DA:353,10
DA:357,3
DA:359,2
DA:361,8
DA:365,2
DA:380,3
DA:381,9
DA:384,3
DA:385,6
DA:388,3
DA:394,3
LF:96
LH:96
BRDA:33,0,0,20
BRDA:33,0,1,6
BRDA:33,0,2,4
BRDA:56,1,0,8
BRDA:56,1,1,3
BRDA:212,2,0,9
BRDA:212,2,1,11
BRDA:223,3,0,2
BRDA:223,3,1,4
BRDA:225,4,0,1
BRDA:225,4,1,3
BRDA:288,5,0,3
BRDA:288,5,1,7
BRDA:312,6,0,4
BRDA:312,6,1,8
BRDA:319,7,0,3
BRDA:319,7,1,9
BRDA:319,8,0,12
BRDA:319,8,1,4
BRDA:350,9,0,3
BRDA:350,9,1,2
BRDA:353,10,0,3
BRDA:353,10,1,7
BRDA:353,11,0,10
BRDA:353,11,1,3
BRDA:361,12,0,2
BRDA:361,12,1,6
BRDA:361,13,0,8
BRDA:361,13,1,2
BRF:29
BRH:29
end_of_record
TN:
SF:src/objects.ts
FN:8,makeBlankQuestion
FN:32,isCorrect
FN:50,isValid
FN:54,(anonymous_3)
FN:58,(anonymous_4)
FN:72,toShortForm
FN:94,toMarkdown
FN:116,renameQuestion
FN:125,publishQuestion
FN:139,duplicateQuestion
FN:155,addOption
FN:167,mergeQuestion
FNF:12
FNH:12
FNDA:3,makeBlankQuestion
FNDA:14,isCorrect
FNDA:18,isValid
FNDA:30,(anonymous_3)
FNDA:24,(anonymous_4)
FNDA:5,toShortForm
FNDA:4,toMarkdown
FNDA:2,renameQuestion
FNDA:4,publishQuestion
FNDA:2,duplicateQuestion
FNDA:2,addOption
FNDA:2,mergeQuestion
DA:13,3
DA:33,14
DA:38,6
DA:40,8
DA:51,18
DA:52,8
DA:53,10
DA:54,10
DA:55,30
DA:57,10
DA:58,24
DA:60,10
DA:62,0
DA:73,5
DA:74,5
DA:95,4
DA:96,2
DA:97,2
DA:99,2
DA:108,0
DA:117,2
DA:126,4
DA:127,2
DA:129,2
DA:140,2
DA:156,2
DA:173,2
LF:27
LH:25
BRDA:33,0,0,6
BRDA:33,0,1,8
BRDA:34,1,0,14
BRDA:34,1,1,10
BRDA:34,1,2,9
BRDA:51,2,0,8
BRDA:51,2,1,10
BRDA:53,3,0,10
BRDA:53,3,1,0
BRDA:55,4,0,6
BRDA:55,4,1,24
BRDA:95,5,0,2
BRDA:95,5,1,2
BRDA:97,6,0,2
BRDA:97,6,1,0
BRDA:126,7,0,2
BRDA:126,7,1,2
BRF:17
BRH:15
end_of_record
TN:
SF:src/bad-components/ChooseTeam.tsx
FN:13,ChooseTeam
FN:17,chooseMember
FN:26,clearTeam
FN:36,(anonymous_3)
FN:40,(anonymous_4)
FN:50,(anonymous_5)
FNF:6
FNH:6
FNDA:17,ChooseTeam
FNDA:9,chooseMember
FNDA:1,clearTeam
FNDA:102,(anonymous_3)
FNDA:9,(anonymous_4)
FNDA:15,(anonymous_5)
DA:4,2
DA:14,17
DA:15,17
DA:18,9
DA:20,9
DA:21,9
DA:22,9
DA:27,1
DA:28,1
DA:31,17
DA:37,102
DA:40,9
DA:51,15
LF:13
LH:13
BRDA:20,0,0,9
BRDA:20,0,1,0
BRF:2
BRH:1
end_of_record
TN:
SF:src/bad-components/ColoredBox.tsx
FN:11,ChangeColor
FN:19,ColorPreview
FN:35,ColoredBox
FN:38,(anonymous_3)
FNF:4
FNH:4
FNDA:7,ChangeColor
FNDA:7,ColorPreview
FNDA:7,ColoredBox
FNDA:3,(anonymous_3)
DA:4,2
DA:5,2
DA:16,7
DA:20,7
DA:36,7
DA:38,7
DA:40,7
LF:7
LH:7
BRF:0
BRH:0
end_of_record
TN:
SF:src/bad-components/DoubleHalf.tsx
FN:10,Doubler
FN:11,(anonymous_1)
FN:14,Halver
FN:15,(anonymous_3)
FN:18,DoubleHalf
FNF:5
FNH:5
FNDA:14,Doubler
FNDA:3,(anonymous_1)
FNDA:14,Halver
FNDA:5,(anonymous_3)
FNDA:14,DoubleHalf
DA:11,14
DA:15,14
DA:19,14
DA:20,14
LF:4
LH:4
BRF:0
BRH:0
end_of_record
TN:
SF:src/bad-components/ShoveBox.tsx
FN:4,ShoveBoxButton
FN:18,MoveableBox
FN:35,ShoveBox
FN:38,(anonymous_3)
FNF:4
FNH:4
FNDA:7,ShoveBoxButton
FNDA:7,MoveableBox
FNDA:7,ShoveBox
FNDA:3,(anonymous_3)
DA:11,7
DA:19,7
DA:36,7
DA:38,7
DA:40,7
LF:5
LH:5
BRF:0
BRH:0
end_of_record
TN:
SF:src/components/ChangeType.tsx
FN:5,ChangeType
FN:10,flipQuestionType
FNF:2
FNH:2
FNDA:9,ChangeType
FNDA:3,flipQuestionType
DA:6,9
DA:11,3
DA:18,9
LF:3
LH:3
BRDA:12,0,0,2
BRDA:12,0,1,1
BRDA:24,1,0,7
BRDA:24,1,1,2
BRF:4
BRH:4
end_of_record
TN:
SF:src/components/Counter.tsx
FN:4,Counter
FN:8,(anonymous_1)
FNF:2
FNH:2
FNDA:9,Counter
FNDA:3,(anonymous_1)
DA:5,9
DA:6,9
DA:8,3
LF:3
LH:3
BRF:0
BRH:0
end_of_record
TN:
SF:src/components/CycleHoliday.tsx
FN:22,CycleHoliday
FN:25,changeByAlphabet
FN:30,changeByYear
FNF:3
FNH:3
FNDA:17,CycleHoliday
FNDA:6,changeByAlphabet
FNDA:6,changeByYear
DA:6,2
DA:14,2
DA:23,17
DA:26,6
DA:27,6
DA:31,6
DA:32,6
DA:35,17
LF:8
LH:8
BRF:0
BRH:0
end_of_record
TN:
SF:src/components/RevealAnswer.tsx
FN:4,RevealAnswer
FN:7,flipVisibility
FNF:2
FNH:2
FNDA:8,RevealAnswer
FNDA:3,flipVisibility
DA:5,8
DA:8,3
DA:10,8
LF:3
LH:3
BRDA:15,0,0,8
BRDA:15,0,1,2
BRF:2
BRH:2
end_of_record
TN:
SF:src/components/StartAttempt.tsx
FN:4,StartAttempt
FN:8,changeNumAttempts
FN:14,changeQuizProgress
FN:30,(anonymous_3)
FN:38,(anonymous_4)
FNF:5
FNH:5
FNDA:65,StartAttempt
FNDA:16,changeNumAttempts
FNDA:16,changeQuizProgress
FNDA:12,(anonymous_3)
FNDA:10,(anonymous_4)
DA:5,65
DA:6,65
DA:9,16
DA:15,16
DA:16,16
DA:19,65
DA:30,12
DA:38,10
LF:8
LH:8
BRDA:10,0,0,16
BRDA:10,0,1,0
BRDA:10,1,0,16
BRDA:10,1,1,16
BRDA:25,2,0,65
BRDA:25,2,1,49
BRF:6
BRH:5
end_of_record
TN:
SF:src/components/TwoDice.tsx
FN:10,d6
FN:14,TwoDice
FN:18,rollLeftDie
FN:22,rollRightDie
FNF:4
FNH:4
FNDA:17,d6
FNDA:26,TwoDice
FNDA:8,rollLeftDie
FNDA:9,rollRightDie
DA:11,17
DA:15,26
DA:16,26
DA:19,8
DA:23,9
DA:26,26
LF:6
LH:6
BRDA:40,0,0,1
BRDA:40,0,1,25
BRDA:40,1,0,26
BRDA:40,1,1,9
BRDA:42,2,0,1
BRDA:42,2,1,24
BRF:6
BRH:6
end_of_record
TN:
SF:src/form-components/ChangeColor.tsx
FN:4,ChangeColor
FN:17,updateColor
FN:25,(anonymous_2)
FNF:3
FNH:3
FNDA:7,ChangeColor
FNDA:4,updateColor
FNDA:56,(anonymous_2)
DA:5,7
DA:6,7
DA:18,4
DA:21,7
DA:26,56
LF:5
LH:5
BRF:0
BRH:0
end_of_record
TN:
SF:src/form-components/CheckAnswer.tsx
FN:4,CheckAnswer
FN:11,updateAnswer
FNF:2
FNH:2
FNDA:18,CheckAnswer
FNDA:11,updateAnswer
DA:9,18
DA:12,11
DA:15,18
LF:3
LH:3
BRDA:21,0,0,2
BRDA:21,0,1,16
BRF:2
BRH:2
end_of_record
TN:
SF:src/form-components/EditMode.tsx
FN:4,EditMode
FN:9,updateMode
FN:13,updateStudent
FN:17,updateName
FNF:4
FNH:4
FNDA:37,EditMode
FNDA:5,updateMode
FNDA:3,updateStudent
FNDA:23,updateName
DA:5,37
DA:6,37
DA:7,37
DA:10,5
DA:14,3
DA:18,23
DA:21,37
LF:7
LH:7
BRDA:31,0,0,29
BRDA:31,0,1,8
BRDA:43,1,0,27
BRDA:43,1,1,2
BRDA:50,2,0,7
BRDA:50,2,1,1
BRDA:52,3,0,1
BRDA:52,3,1,0
BRDA:56,4,0,0
BRDA:56,4,1,0
BRDA:56,5,0,0
BRDA:56,5,1,0
BRF:12
BRH:7
end_of_record
TN:
SF:src/form-components/GiveAttempts.tsx
FN:4,GiveAttempts
FN:8,updateReq
FN:11,updateGain
FN:33,(anonymous_3)
FN:38,(anonymous_4)
FNF:5
FNH:5
FNDA:18,GiveAttempts
FNDA:6,updateReq
FNDA:3,updateGain
FNDA:3,(anonymous_3)
FNDA:3,(anonymous_4)
DA:5,18
DA:6,18
DA:9,6
DA:12,3
DA:13,2
DA:14,2
DA:16,1
DA:20,18
DA:33,3
DA:38,3
LF:10
LH:10
BRDA:12,0,0,2
BRDA:12,0,1,1
BRF:2
BRH:2
end_of_record
TN:
SF:src/form-components/MultipleChoiceQuestion.tsx
FN:4,MultipleChoiceQuestion
FN:13,updateChoice
FN:23,(anonymous_2)
FNF:3
FNH:3
FNDA:11,MultipleChoiceQuestion
FNDA:5,updateChoice
FNDA:31,(anonymous_2)
DA:11,11
DA:14,5
DA:17,11
DA:24,31
LF:4
LH:4
BRDA:33,0,0,4
BRDA:33,0,1,7
BRF:2
BRH:2
end_of_record
TN:
SF:src/interfaces/answer.ts
FNF:0
FNH:0
LF:0
LH:0
BRF:0
BRH:0
end_of_record
TN:
SF:src/interfaces/question.ts
FNF:0
FNH:0
LF:0
LH:0
BRF:0
BRH:0
end_of_record
